   CIG_category  Medium cloud cover     ...         Geop250     Temp500
0           5.0             51.5381     ...      10327.1807  250.403300
1           5.0             37.7930     ...             NaN  255.750634
2           6.0             16.8457     ...      10354.4023  250.291500
3           6.0              8.6426     ...             NaN  255.740635
4           6.0              9.2773     ...             NaN  255.739968

[5 rows x 31 columns]
   CIG_category  Medium cloud cover     ...         Geop250     Temp500
0           6.0              0.0000     ...      10655.9932  259.748000
1           6.0              2.5391     ...             NaN  255.174833
2           6.0              4.1016     ...             NaN  255.174022
3           6.0             22.6074     ...      10661.6865  259.150500
4           1.0             24.1699     ...             NaN  255.110723

[5 rows x 31 columns]
Index(['Medium cloud cover', 'temp', 'Temperature', 'cloud_count', 'u-co600',
       'u-co500', 'u-co700', 'u-co400', 'Temp1000', 'Temp975', 'Temp950',
       'Temp925', 'Temp900', 'Temp800', 'Temp700', 'u-co300', 'Temp850',
       'Geop500', 'Geop600', 'u-co100', 'Temp600', 'Geop400', 'u-co250',
       'u-co150', 'Geop300', 'u-co200', 'u-co800', 'Geop700', 'Geop250',
       'Temp500'],
      dtype='object')
Index(['Medium cloud cover', 'temp', 'Temperature', 'cloud_count', 'u-co600',
       'u-co500', 'u-co700', 'u-co400', 'Temp1000', 'Temp975', 'Temp950',
       'Temp925', 'Temp900', 'Temp800', 'Temp700', 'u-co300', 'Temp850',
       'Geop500', 'Geop600', 'u-co100', 'Temp600', 'Geop400', 'u-co250',
       'u-co150', 'Geop300', 'u-co200', 'u-co800', 'Geop700', 'Geop250',
       'Temp500'],
      dtype='object')
Here: multi-SVM
Here: NN
[6. 1. 1. ... 6. 1. 6.]
0.5223295111647556
Here: Random Forest
[6. 1. 1. ... 5. 1. 6.]
0.4891369945684973
Here: Naive Bayes: Gaussian
[6. 6. 6. ... 6. 6. 6.]
0.38111044055522025
Here: Naive Bayes: Bernoulli
[6. 6. 6. ... 6. 6. 6.]
0.40615570307785154
Here: xGBoost
[1. 6. 6. ... 6. 1. 6.]
0.5395292697646349
Fitting 5 folds for each of 100 candidates, totalling 500 fits
[CV] xgbc__subsample=0.5, xgbc__max_depth=9, xgbc__colsample_bytree=0.5, svm__estimator__kernel=linear, svm__estimator__gamma=0.001, svm__estimator__C=10, rf__n_estimators=10, rf__min_samples_leaf=2, rf__max_features=auto, rf__max_depth=1, nn__solver=adam, nn__hidden_layer_sizes=200, nn__alpha=0.001, bnb__alpha=0.0001 
[CV]  xgbc__subsample=0.5, xgbc__max_depth=9, xgbc__colsample_bytree=0.5, svm__estimator__kernel=linear, svm__estimator__gamma=0.001, svm__estimator__C=10, rf__n_estimators=10, rf__min_samples_leaf=2, rf__max_features=auto, rf__max_depth=1, nn__solver=adam, nn__hidden_layer_sizes=200, nn__alpha=0.001, bnb__alpha=0.0001, score=0.5006887052341598, total=17.2min
[CV] xgbc__subsample=0.5, xgbc__max_depth=9, xgbc__colsample_bytree=0.5, svm__estimator__kernel=linear, svm__estimator__gamma=0.001, svm__estimator__C=10, rf__n_estimators=10, rf__min_samples_leaf=2, rf__max_features=auto, rf__max_depth=1, nn__solver=adam, nn__hidden_layer_sizes=200, nn__alpha=0.001, bnb__alpha=0.0001 
[CV]  xgbc__subsample=0.5, xgbc__max_depth=9, xgbc__colsample_bytree=0.5, svm__estimator__kernel=linear, svm__estimator__gamma=0.001, svm__estimator__C=10, rf__n_estimators=10, rf__min_samples_leaf=2, rf__max_features=auto, rf__max_depth=1, nn__solver=adam, nn__hidden_layer_sizes=200, nn__alpha=0.001, bnb__alpha=0.0001, score=0.3117241379310345, total=20.1min
[CV] xgbc__subsample=0.5, xgbc__max_depth=9, xgbc__colsample_bytree=0.5, svm__estimator__kernel=linear, svm__estimator__gamma=0.001, svm__estimator__C=10, rf__n_estimators=10, rf__min_samples_leaf=2, rf__max_features=auto, rf__max_depth=1, nn__solver=adam, nn__hidden_layer_sizes=200, nn__alpha=0.001, bnb__alpha=0.0001 
[CV]  xgbc__subsample=0.5, xgbc__max_depth=9, xgbc__colsample_bytree=0.5, svm__estimator__kernel=linear, svm__estimator__gamma=0.001, svm__estimator__C=10, rf__n_estimators=10, rf__min_samples_leaf=2, rf__max_features=auto, rf__max_depth=1, nn__solver=adam, nn__hidden_layer_sizes=200, nn__alpha=0.001, bnb__alpha=0.0001, score=0.40344827586206894, total=13.7min
[CV] xgbc__subsample=0.5, xgbc__max_depth=9, xgbc__colsample_bytree=0.5, svm__estimator__kernel=linear, svm__estimator__gamma=0.001, svm__estimator__C=10, rf__n_estimators=10, rf__min_samples_leaf=2, rf__max_features=auto, rf__max_depth=1, nn__solver=adam, nn__hidden_layer_sizes=200, nn__alpha=0.001, bnb__alpha=0.0001 
[CV]  xgbc__subsample=0.5, xgbc__max_depth=9, xgbc__colsample_bytree=0.5, svm__estimator__kernel=linear, svm__estimator__gamma=0.001, svm__estimator__C=10, rf__n_estimators=10, rf__min_samples_leaf=2, rf__max_features=auto, rf__max_depth=1, nn__solver=adam, nn__hidden_layer_sizes=200, nn__alpha=0.001, bnb__alpha=0.0001, score=0.39019337016574585, total=17.8min
[CV] xgbc__subsample=0.5, xgbc__max_depth=9, xgbc__colsample_bytree=0.5, svm__estimator__kernel=linear, svm__estimator__gamma=0.001, svm__estimator__C=10, rf__n_estimators=10, rf__min_samples_leaf=2, rf__max_features=auto, rf__max_depth=1, nn__solver=adam, nn__hidden_layer_sizes=200, nn__alpha=0.001, bnb__alpha=0.0001 
[CV]  xgbc__subsample=0.5, xgbc__max_depth=9, xgbc__colsample_bytree=0.5, svm__estimator__kernel=linear, svm__estimator__gamma=0.001, svm__estimator__C=10, rf__n_estimators=10, rf__min_samples_leaf=2, rf__max_features=auto, rf__max_depth=1, nn__solver=adam, nn__hidden_layer_sizes=200, nn__alpha=0.001, bnb__alpha=0.0001, score=0.44536652835408025, total=19.5min
[CV] xgbc__subsample=1.0, xgbc__max_depth=3, xgbc__colsample_bytree=0.5, svm__estimator__kernel=linear, svm__estimator__gamma=0.01, svm__estimator__C=1, rf__n_estimators=100, rf__min_samples_leaf=4, rf__max_features=auto, rf__max_depth=1, nn__solver=adam, nn__hidden_layer_sizes=10, nn__alpha=0.01, bnb__alpha=1.0 
[CV]  xgbc__subsample=1.0, xgbc__max_depth=3, xgbc__colsample_bytree=0.5, svm__estimator__kernel=linear, svm__estimator__gamma=0.01, svm__estimator__C=1, rf__n_estimators=100, rf__min_samples_leaf=4, rf__max_features=auto, rf__max_depth=1, nn__solver=adam, nn__hidden_layer_sizes=10, nn__alpha=0.01, bnb__alpha=1.0, score=0.5144628099173554, total=  25.8s
[CV] xgbc__subsample=1.0, xgbc__max_depth=3, xgbc__colsample_bytree=0.5, svm__estimator__kernel=linear, svm__estimator__gamma=0.01, svm__estimator__C=1, rf__n_estimators=100, rf__min_samples_leaf=4, rf__max_features=auto, rf__max_depth=1, nn__solver=adam, nn__hidden_layer_sizes=10, nn__alpha=0.01, bnb__alpha=1.0 
[CV]  xgbc__subsample=1.0, xgbc__max_depth=3, xgbc__colsample_bytree=0.5, svm__estimator__kernel=linear, svm__estimator__gamma=0.01, svm__estimator__C=1, rf__n_estimators=100, rf__min_samples_leaf=4, rf__max_features=auto, rf__max_depth=1, nn__solver=adam, nn__hidden_layer_sizes=10, nn__alpha=0.01, bnb__alpha=1.0, score=0.3758620689655172, total=  27.2s
[CV] xgbc__subsample=1.0, xgbc__max_depth=3, xgbc__colsample_bytree=0.5, svm__estimator__kernel=linear, svm__estimator__gamma=0.01, svm__estimator__C=1, rf__n_estimators=100, rf__min_samples_leaf=4, rf__max_features=auto, rf__max_depth=1, nn__solver=adam, nn__hidden_layer_sizes=10, nn__alpha=0.01, bnb__alpha=1.0 
[CV]  xgbc__subsample=1.0, xgbc__max_depth=3, xgbc__colsample_bytree=0.5, svm__estimator__kernel=linear, svm__estimator__gamma=0.01, svm__estimator__C=1, rf__n_estimators=100, rf__min_samples_leaf=4, rf__max_features=auto, rf__max_depth=1, nn__solver=adam, nn__hidden_layer_sizes=10, nn__alpha=0.01, bnb__alpha=1.0, score=0.46620689655172415, total=  25.8s
[CV] xgbc__subsample=1.0, xgbc__max_depth=3, xgbc__colsample_bytree=0.5, svm__estimator__kernel=linear, svm__estimator__gamma=0.01, svm__estimator__C=1, rf__n_estimators=100, rf__min_samples_leaf=4, rf__max_features=auto, rf__max_depth=1, nn__solver=adam, nn__hidden_layer_sizes=10, nn__alpha=0.01, bnb__alpha=1.0 
[CV]  xgbc__subsample=1.0, xgbc__max_depth=3, xgbc__colsample_bytree=0.5, svm__estimator__kernel=linear, svm__estimator__gamma=0.01, svm__estimator__C=1, rf__n_estimators=100, rf__min_samples_leaf=4, rf__max_features=auto, rf__max_depth=1, nn__solver=adam, nn__hidden_layer_sizes=10, nn__alpha=0.01, bnb__alpha=1.0, score=0.4703038674033149, total=  25.2s
[CV] xgbc__subsample=1.0, xgbc__max_depth=3, xgbc__colsample_bytree=0.5, svm__estimator__kernel=linear, svm__estimator__gamma=0.01, svm__estimator__C=1, rf__n_estimators=100, rf__min_samples_leaf=4, rf__max_features=auto, rf__max_depth=1, nn__solver=adam, nn__hidden_layer_sizes=10, nn__alpha=0.01, bnb__alpha=1.0 
[CV]  xgbc__subsample=1.0, xgbc__max_depth=3, xgbc__colsample_bytree=0.5, svm__estimator__kernel=linear, svm__estimator__gamma=0.01, svm__estimator__C=1, rf__n_estimators=100, rf__min_samples_leaf=4, rf__max_features=auto, rf__max_depth=1, nn__solver=adam, nn__hidden_layer_sizes=10, nn__alpha=0.01, bnb__alpha=1.0, score=0.44398340248962653, total=  26.8s
[CV] xgbc__subsample=0.5, xgbc__max_depth=3, xgbc__colsample_bytree=0.5, svm__estimator__kernel=rbf, svm__estimator__gamma=0.001, svm__estimator__C=1, rf__n_estimators=100, rf__min_samples_leaf=2, rf__max_features=1, rf__max_depth=None, nn__solver=adam, nn__hidden_layer_sizes=50, nn__alpha=0.001, bnb__alpha=1.0 
[CV]  xgbc__subsample=0.5, xgbc__max_depth=3, xgbc__colsample_bytree=0.5, svm__estimator__kernel=rbf, svm__estimator__gamma=0.001, svm__estimator__C=1, rf__n_estimators=100, rf__min_samples_leaf=2, rf__max_features=1, rf__max_depth=None, nn__solver=adam, nn__hidden_layer_sizes=50, nn__alpha=0.001, bnb__alpha=1.0, score=0.5075757575757576, total=  26.2s
[CV] xgbc__subsample=0.5, xgbc__max_depth=3, xgbc__colsample_bytree=0.5, svm__estimator__kernel=rbf, svm__estimator__gamma=0.001, svm__estimator__C=1, rf__n_estimators=100, rf__min_samples_leaf=2, rf__max_features=1, rf__max_depth=None, nn__solver=adam, nn__hidden_layer_sizes=50, nn__alpha=0.001, bnb__alpha=1.0 
[CV]  xgbc__subsample=0.5, xgbc__max_depth=3, xgbc__colsample_bytree=0.5, svm__estimator__kernel=rbf, svm__estimator__gamma=0.001, svm__estimator__C=1, rf__n_estimators=100, rf__min_samples_leaf=2, rf__max_features=1, rf__max_depth=None, nn__solver=adam, nn__hidden_layer_sizes=50, nn__alpha=0.001, bnb__alpha=1.0, score=0.3082758620689655, total=  26.2s
[CV] xgbc__subsample=0.5, xgbc__max_depth=3, xgbc__colsample_bytree=0.5, svm__estimator__kernel=rbf, svm__estimator__gamma=0.001, svm__estimator__C=1, rf__n_estimators=100, rf__min_samples_leaf=2, rf__max_features=1, rf__max_depth=None, nn__solver=adam, nn__hidden_layer_sizes=50, nn__alpha=0.001, bnb__alpha=1.0 
[CV]  xgbc__subsample=0.5, xgbc__max_depth=3, xgbc__colsample_bytree=0.5, svm__estimator__kernel=rbf, svm__estimator__gamma=0.001, svm__estimator__C=1, rf__n_estimators=100, rf__min_samples_leaf=2, rf__max_features=1, rf__max_depth=None, nn__solver=adam, nn__hidden_layer_sizes=50, nn__alpha=0.001, bnb__alpha=1.0, score=0.43517241379310345, total=  27.1s
[CV] xgbc__subsample=0.5, xgbc__max_depth=3, xgbc__colsample_bytree=0.5, svm__estimator__kernel=rbf, svm__estimator__gamma=0.001, svm__estimator__C=1, rf__n_estimators=100, rf__min_samples_leaf=2, rf__max_features=1, rf__max_depth=None, nn__solver=adam, nn__hidden_layer_sizes=50, nn__alpha=0.001, bnb__alpha=1.0 
[CV]  xgbc__subsample=0.5, xgbc__max_depth=3, xgbc__colsample_bytree=0.5, svm__estimator__kernel=rbf, svm__estimator__gamma=0.001, svm__estimator__C=1, rf__n_estimators=100, rf__min_samples_leaf=2, rf__max_features=1, rf__max_depth=None, nn__solver=adam, nn__hidden_layer_sizes=50, nn__alpha=0.001, bnb__alpha=1.0, score=0.40124309392265195, total=  26.7s
[CV] xgbc__subsample=0.5, xgbc__max_depth=3, xgbc__colsample_bytree=0.5, svm__estimator__kernel=rbf, svm__estimator__gamma=0.001, svm__estimator__C=1, rf__n_estimators=100, rf__min_samples_leaf=2, rf__max_features=1, rf__max_depth=None, nn__solver=adam, nn__hidden_layer_sizes=50, nn__alpha=0.001, bnb__alpha=1.0 
[CV]  xgbc__subsample=0.5, xgbc__max_depth=3, xgbc__colsample_bytree=0.5, svm__estimator__kernel=rbf, svm__estimator__gamma=0.001, svm__estimator__C=1, rf__n_estimators=100, rf__min_samples_leaf=2, rf__max_features=1, rf__max_depth=None, nn__solver=adam, nn__hidden_layer_sizes=50, nn__alpha=0.001, bnb__alpha=1.0, score=0.44744121715076074, total=  27.0s
[CV] xgbc__subsample=1.0, xgbc__max_depth=6, xgbc__colsample_bytree=0.5, svm__estimator__kernel=linear, svm__estimator__gamma=0.01, svm__estimator__C=100, rf__n_estimators=10, rf__min_samples_leaf=2, rf__max_features=None, rf__max_depth=5, nn__solver=adam, nn__hidden_layer_sizes=200, nn__alpha=0.0001, bnb__alpha=0.0001 
[CV]  xgbc__subsample=1.0, xgbc__max_depth=6, xgbc__colsample_bytree=0.5, svm__estimator__kernel=linear, svm__estimator__gamma=0.01, svm__estimator__C=100, rf__n_estimators=10, rf__min_samples_leaf=2, rf__max_features=None, rf__max_depth=5, nn__solver=adam, nn__hidden_layer_sizes=200, nn__alpha=0.0001, bnb__alpha=0.0001, score=0.518595041322314, total=141.3min
[CV] xgbc__subsample=1.0, xgbc__max_depth=6, xgbc__colsample_bytree=0.5, svm__estimator__kernel=linear, svm__estimator__gamma=0.01, svm__estimator__C=100, rf__n_estimators=10, rf__min_samples_leaf=2, rf__max_features=None, rf__max_depth=5, nn__solver=adam, nn__hidden_layer_sizes=200, nn__alpha=0.0001, bnb__alpha=0.0001 
[CV]  xgbc__subsample=1.0, xgbc__max_depth=6, xgbc__colsample_bytree=0.5, svm__estimator__kernel=linear, svm__estimator__gamma=0.01, svm__estimator__C=100, rf__n_estimators=10, rf__min_samples_leaf=2, rf__max_features=None, rf__max_depth=5, nn__solver=adam, nn__hidden_layer_sizes=200, nn__alpha=0.0001, bnb__alpha=0.0001, score=0.32, total=150.9min
[CV] xgbc__subsample=1.0, xgbc__max_depth=6, xgbc__colsample_bytree=0.5, svm__estimator__kernel=linear, svm__estimator__gamma=0.01, svm__estimator__C=100, rf__n_estimators=10, rf__min_samples_leaf=2, rf__max_features=None, rf__max_depth=5, nn__solver=adam, nn__hidden_layer_sizes=200, nn__alpha=0.0001, bnb__alpha=0.0001 
[CV]  xgbc__subsample=1.0, xgbc__max_depth=6, xgbc__colsample_bytree=0.5, svm__estimator__kernel=linear, svm__estimator__gamma=0.01, svm__estimator__C=100, rf__n_estimators=10, rf__min_samples_leaf=2, rf__max_features=None, rf__max_depth=5, nn__solver=adam, nn__hidden_layer_sizes=200, nn__alpha=0.0001, bnb__alpha=0.0001, score=0.43655172413793103, total=146.8min
[CV] xgbc__subsample=1.0, xgbc__max_depth=6, xgbc__colsample_bytree=0.5, svm__estimator__kernel=linear, svm__estimator__gamma=0.01, svm__estimator__C=100, rf__n_estimators=10, rf__min_samples_leaf=2, rf__max_features=None, rf__max_depth=5, nn__solver=adam, nn__hidden_layer_sizes=200, nn__alpha=0.0001, bnb__alpha=0.0001 
[CV]  xgbc__subsample=1.0, xgbc__max_depth=6, xgbc__colsample_bytree=0.5, svm__estimator__kernel=linear, svm__estimator__gamma=0.01, svm__estimator__C=100, rf__n_estimators=10, rf__min_samples_leaf=2, rf__max_features=None, rf__max_depth=5, nn__solver=adam, nn__hidden_layer_sizes=200, nn__alpha=0.0001, bnb__alpha=0.0001, score=0.40607734806629836, total=127.5min
[CV] xgbc__subsample=1.0, xgbc__max_depth=6, xgbc__colsample_bytree=0.5, svm__estimator__kernel=linear, svm__estimator__gamma=0.01, svm__estimator__C=100, rf__n_estimators=10, rf__min_samples_leaf=2, rf__max_features=None, rf__max_depth=5, nn__solver=adam, nn__hidden_layer_sizes=200, nn__alpha=0.0001, bnb__alpha=0.0001 
[CV]  xgbc__subsample=1.0, xgbc__max_depth=6, xgbc__colsample_bytree=0.5, svm__estimator__kernel=linear, svm__estimator__gamma=0.01, svm__estimator__C=100, rf__n_estimators=10, rf__min_samples_leaf=2, rf__max_features=None, rf__max_depth=5, nn__solver=adam, nn__hidden_layer_sizes=200, nn__alpha=0.0001, bnb__alpha=0.0001, score=0.4508990318118949, total=163.0min
[CV] xgbc__subsample=1.0, xgbc__max_depth=9, xgbc__colsample_bytree=1, svm__estimator__kernel=rbf, svm__estimator__gamma=0.01, svm__estimator__C=10, rf__n_estimators=100, rf__min_samples_leaf=2, rf__max_features=auto, rf__max_depth=5, nn__solver=sgd, nn__hidden_layer_sizes=10, nn__alpha=0.0001, bnb__alpha=0.1 
[CV]  xgbc__subsample=1.0, xgbc__max_depth=9, xgbc__colsample_bytree=1, svm__estimator__kernel=rbf, svm__estimator__gamma=0.01, svm__estimator__C=10, rf__n_estimators=100, rf__min_samples_leaf=2, rf__max_features=auto, rf__max_depth=5, nn__solver=sgd, nn__hidden_layer_sizes=10, nn__alpha=0.0001, bnb__alpha=0.1, score=0.5068870523415978, total=  47.9s
[CV] xgbc__subsample=1.0, xgbc__max_depth=9, xgbc__colsample_bytree=1, svm__estimator__kernel=rbf, svm__estimator__gamma=0.01, svm__estimator__C=10, rf__n_estimators=100, rf__min_samples_leaf=2, rf__max_features=auto, rf__max_depth=5, nn__solver=sgd, nn__hidden_layer_sizes=10, nn__alpha=0.0001, bnb__alpha=0.1 
[CV]  xgbc__subsample=1.0, xgbc__max_depth=9, xgbc__colsample_bytree=1, svm__estimator__kernel=rbf, svm__estimator__gamma=0.01, svm__estimator__C=10, rf__n_estimators=100, rf__min_samples_leaf=2, rf__max_features=auto, rf__max_depth=5, nn__solver=sgd, nn__hidden_layer_sizes=10, nn__alpha=0.0001, bnb__alpha=0.1, score=0.31724137931034485, total=  44.1s
[CV] xgbc__subsample=1.0, xgbc__max_depth=9, xgbc__colsample_bytree=1, svm__estimator__kernel=rbf, svm__estimator__gamma=0.01, svm__estimator__C=10, rf__n_estimators=100, rf__min_samples_leaf=2, rf__max_features=auto, rf__max_depth=5, nn__solver=sgd, nn__hidden_layer_sizes=10, nn__alpha=0.0001, bnb__alpha=0.1 
[CV]  xgbc__subsample=1.0, xgbc__max_depth=9, xgbc__colsample_bytree=1, svm__estimator__kernel=rbf, svm__estimator__gamma=0.01, svm__estimator__C=10, rf__n_estimators=100, rf__min_samples_leaf=2, rf__max_features=auto, rf__max_depth=5, nn__solver=sgd, nn__hidden_layer_sizes=10, nn__alpha=0.0001, bnb__alpha=0.1, score=0.4489655172413793, total=  45.8s
[CV] xgbc__subsample=1.0, xgbc__max_depth=9, xgbc__colsample_bytree=1, svm__estimator__kernel=rbf, svm__estimator__gamma=0.01, svm__estimator__C=10, rf__n_estimators=100, rf__min_samples_leaf=2, rf__max_features=auto, rf__max_depth=5, nn__solver=sgd, nn__hidden_layer_sizes=10, nn__alpha=0.0001, bnb__alpha=0.1 
[CV]  xgbc__subsample=1.0, xgbc__max_depth=9, xgbc__colsample_bytree=1, svm__estimator__kernel=rbf, svm__estimator__gamma=0.01, svm__estimator__C=10, rf__n_estimators=100, rf__min_samples_leaf=2, rf__max_features=auto, rf__max_depth=5, nn__solver=sgd, nn__hidden_layer_sizes=10, nn__alpha=0.0001, bnb__alpha=0.1, score=0.4074585635359116, total=  44.9s
[CV] xgbc__subsample=1.0, xgbc__max_depth=9, xgbc__colsample_bytree=1, svm__estimator__kernel=rbf, svm__estimator__gamma=0.01, svm__estimator__C=10, rf__n_estimators=100, rf__min_samples_leaf=2, rf__max_features=auto, rf__max_depth=5, nn__solver=sgd, nn__hidden_layer_sizes=10, nn__alpha=0.0001, bnb__alpha=0.1 
[CV]  xgbc__subsample=1.0, xgbc__max_depth=9, xgbc__colsample_bytree=1, svm__estimator__kernel=rbf, svm__estimator__gamma=0.01, svm__estimator__C=10, rf__n_estimators=100, rf__min_samples_leaf=2, rf__max_features=auto, rf__max_depth=5, nn__solver=sgd, nn__hidden_layer_sizes=10, nn__alpha=0.0001, bnb__alpha=0.1, score=0.45504840940525587, total=  45.8s
[CV] xgbc__subsample=1.0, xgbc__max_depth=6, xgbc__colsample_bytree=0.5, svm__estimator__kernel=linear, svm__estimator__gamma=0.001, svm__estimator__C=1, rf__n_estimators=100, rf__min_samples_leaf=2, rf__max_features=auto, rf__max_depth=1, nn__solver=sgd, nn__hidden_layer_sizes=10, nn__alpha=0.001, bnb__alpha=0.0001 
[CV]  xgbc__subsample=1.0, xgbc__max_depth=6, xgbc__colsample_bytree=0.5, svm__estimator__kernel=linear, svm__estimator__gamma=0.001, svm__estimator__C=1, rf__n_estimators=100, rf__min_samples_leaf=2, rf__max_features=auto, rf__max_depth=1, nn__solver=sgd, nn__hidden_layer_sizes=10, nn__alpha=0.001, bnb__alpha=0.0001, score=0.512396694214876, total=  28.7s
[CV] xgbc__subsample=1.0, xgbc__max_depth=6, xgbc__colsample_bytree=0.5, svm__estimator__kernel=linear, svm__estimator__gamma=0.001, svm__estimator__C=1, rf__n_estimators=100, rf__min_samples_leaf=2, rf__max_features=auto, rf__max_depth=1, nn__solver=sgd, nn__hidden_layer_sizes=10, nn__alpha=0.001, bnb__alpha=0.0001 
[CV]  xgbc__subsample=1.0, xgbc__max_depth=6, xgbc__colsample_bytree=0.5, svm__estimator__kernel=linear, svm__estimator__gamma=0.001, svm__estimator__C=1, rf__n_estimators=100, rf__min_samples_leaf=2, rf__max_features=auto, rf__max_depth=1, nn__solver=sgd, nn__hidden_layer_sizes=10, nn__alpha=0.001, bnb__alpha=0.0001, score=0.34551724137931034, total=  28.3s
[CV] xgbc__subsample=1.0, xgbc__max_depth=6, xgbc__colsample_bytree=0.5, svm__estimator__kernel=linear, svm__estimator__gamma=0.001, svm__estimator__C=1, rf__n_estimators=100, rf__min_samples_leaf=2, rf__max_features=auto, rf__max_depth=1, nn__solver=sgd, nn__hidden_layer_sizes=10, nn__alpha=0.001, bnb__alpha=0.0001 
[CV]  xgbc__subsample=1.0, xgbc__max_depth=6, xgbc__colsample_bytree=0.5, svm__estimator__kernel=linear, svm__estimator__gamma=0.001, svm__estimator__C=1, rf__n_estimators=100, rf__min_samples_leaf=2, rf__max_features=auto, rf__max_depth=1, nn__solver=sgd, nn__hidden_layer_sizes=10, nn__alpha=0.001, bnb__alpha=0.0001, score=0.45586206896551723, total=  29.2s
[CV] xgbc__subsample=1.0, xgbc__max_depth=6, xgbc__colsample_bytree=0.5, svm__estimator__kernel=linear, svm__estimator__gamma=0.001, svm__estimator__C=1, rf__n_estimators=100, rf__min_samples_leaf=2, rf__max_features=auto, rf__max_depth=1, nn__solver=sgd, nn__hidden_layer_sizes=10, nn__alpha=0.001, bnb__alpha=0.0001 
[CV]  xgbc__subsample=1.0, xgbc__max_depth=6, xgbc__colsample_bytree=0.5, svm__estimator__kernel=linear, svm__estimator__gamma=0.001, svm__estimator__C=1, rf__n_estimators=100, rf__min_samples_leaf=2, rf__max_features=auto, rf__max_depth=1, nn__solver=sgd, nn__hidden_layer_sizes=10, nn__alpha=0.001, bnb__alpha=0.0001, score=0.457182320441989, total=  27.4s
[CV] xgbc__subsample=1.0, xgbc__max_depth=6, xgbc__colsample_bytree=0.5, svm__estimator__kernel=linear, svm__estimator__gamma=0.001, svm__estimator__C=1, rf__n_estimators=100, rf__min_samples_leaf=2, rf__max_features=auto, rf__max_depth=1, nn__solver=sgd, nn__hidden_layer_sizes=10, nn__alpha=0.001, bnb__alpha=0.0001 
[CV]  xgbc__subsample=1.0, xgbc__max_depth=6, xgbc__colsample_bytree=0.5, svm__estimator__kernel=linear, svm__estimator__gamma=0.001, svm__estimator__C=1, rf__n_estimators=100, rf__min_samples_leaf=2, rf__max_features=auto, rf__max_depth=1, nn__solver=sgd, nn__hidden_layer_sizes=10, nn__alpha=0.001, bnb__alpha=0.0001, score=0.45020746887966806, total=  29.7s
[CV] xgbc__subsample=1.0, xgbc__max_depth=3, xgbc__colsample_bytree=0.5, svm__estimator__kernel=linear, svm__estimator__gamma=0.001, svm__estimator__C=10, rf__n_estimators=100, rf__min_samples_leaf=2, rf__max_features=auto, rf__max_depth=None, nn__solver=sgd, nn__hidden_layer_sizes=50, nn__alpha=0.01, bnb__alpha=0.1 
[CV]  xgbc__subsample=1.0, xgbc__max_depth=3, xgbc__colsample_bytree=0.5, svm__estimator__kernel=linear, svm__estimator__gamma=0.001, svm__estimator__C=10, rf__n_estimators=100, rf__min_samples_leaf=2, rf__max_features=auto, rf__max_depth=None, nn__solver=sgd, nn__hidden_layer_sizes=50, nn__alpha=0.01, bnb__alpha=0.1, score=0.5144628099173554, total=14.5min
[CV] xgbc__subsample=1.0, xgbc__max_depth=3, xgbc__colsample_bytree=0.5, svm__estimator__kernel=linear, svm__estimator__gamma=0.001, svm__estimator__C=10, rf__n_estimators=100, rf__min_samples_leaf=2, rf__max_features=auto, rf__max_depth=None, nn__solver=sgd, nn__hidden_layer_sizes=50, nn__alpha=0.01, bnb__alpha=0.1 
[CV]  xgbc__subsample=1.0, xgbc__max_depth=3, xgbc__colsample_bytree=0.5, svm__estimator__kernel=linear, svm__estimator__gamma=0.001, svm__estimator__C=10, rf__n_estimators=100, rf__min_samples_leaf=2, rf__max_features=auto, rf__max_depth=None, nn__solver=sgd, nn__hidden_layer_sizes=50, nn__alpha=0.01, bnb__alpha=0.1, score=0.3179310344827586, total=19.0min
[CV] xgbc__subsample=1.0, xgbc__max_depth=3, xgbc__colsample_bytree=0.5, svm__estimator__kernel=linear, svm__estimator__gamma=0.001, svm__estimator__C=10, rf__n_estimators=100, rf__min_samples_leaf=2, rf__max_features=auto, rf__max_depth=None, nn__solver=sgd, nn__hidden_layer_sizes=50, nn__alpha=0.01, bnb__alpha=0.1 
[CV]  xgbc__subsample=1.0, xgbc__max_depth=3, xgbc__colsample_bytree=0.5, svm__estimator__kernel=linear, svm__estimator__gamma=0.001, svm__estimator__C=10, rf__n_estimators=100, rf__min_samples_leaf=2, rf__max_features=auto, rf__max_depth=None, nn__solver=sgd, nn__hidden_layer_sizes=50, nn__alpha=0.01, bnb__alpha=0.1, score=0.4386206896551724, total=12.5min
[CV] xgbc__subsample=1.0, xgbc__max_depth=3, xgbc__colsample_bytree=0.5, svm__estimator__kernel=linear, svm__estimator__gamma=0.001, svm__estimator__C=10, rf__n_estimators=100, rf__min_samples_leaf=2, rf__max_features=auto, rf__max_depth=None, nn__solver=sgd, nn__hidden_layer_sizes=50, nn__alpha=0.01, bnb__alpha=0.1 
[CV]  xgbc__subsample=1.0, xgbc__max_depth=3, xgbc__colsample_bytree=0.5, svm__estimator__kernel=linear, svm__estimator__gamma=0.001, svm__estimator__C=10, rf__n_estimators=100, rf__min_samples_leaf=2, rf__max_features=auto, rf__max_depth=None, nn__solver=sgd, nn__hidden_layer_sizes=50, nn__alpha=0.01, bnb__alpha=0.1, score=0.4185082872928177, total=16.9min
[CV] xgbc__subsample=1.0, xgbc__max_depth=3, xgbc__colsample_bytree=0.5, svm__estimator__kernel=linear, svm__estimator__gamma=0.001, svm__estimator__C=10, rf__n_estimators=100, rf__min_samples_leaf=2, rf__max_features=auto, rf__max_depth=None, nn__solver=sgd, nn__hidden_layer_sizes=50, nn__alpha=0.01, bnb__alpha=0.1 
[CV]  xgbc__subsample=1.0, xgbc__max_depth=3, xgbc__colsample_bytree=0.5, svm__estimator__kernel=linear, svm__estimator__gamma=0.001, svm__estimator__C=10, rf__n_estimators=100, rf__min_samples_leaf=2, rf__max_features=auto, rf__max_depth=None, nn__solver=sgd, nn__hidden_layer_sizes=50, nn__alpha=0.01, bnb__alpha=0.1, score=0.45020746887966806, total=18.1min
[CV] xgbc__subsample=0.95, xgbc__max_depth=9, xgbc__colsample_bytree=1, svm__estimator__kernel=linear, svm__estimator__gamma=0.001, svm__estimator__C=100, rf__n_estimators=100, rf__min_samples_leaf=4, rf__max_features=1, rf__max_depth=10, nn__solver=adam, nn__hidden_layer_sizes=50, nn__alpha=0.001, bnb__alpha=0.1 
[CV]  xgbc__subsample=0.95, xgbc__max_depth=9, xgbc__colsample_bytree=1, svm__estimator__kernel=linear, svm__estimator__gamma=0.001, svm__estimator__C=100, rf__n_estimators=100, rf__min_samples_leaf=4, rf__max_features=1, rf__max_depth=10, nn__solver=adam, nn__hidden_layer_sizes=50, nn__alpha=0.001, bnb__alpha=0.1, score=0.5034435261707989, total=137.2min
[CV] xgbc__subsample=0.95, xgbc__max_depth=9, xgbc__colsample_bytree=1, svm__estimator__kernel=linear, svm__estimator__gamma=0.001, svm__estimator__C=100, rf__n_estimators=100, rf__min_samples_leaf=4, rf__max_features=1, rf__max_depth=10, nn__solver=adam, nn__hidden_layer_sizes=50, nn__alpha=0.001, bnb__alpha=0.1 
[CV]  xgbc__subsample=0.95, xgbc__max_depth=9, xgbc__colsample_bytree=1, svm__estimator__kernel=linear, svm__estimator__gamma=0.001, svm__estimator__C=100, rf__n_estimators=100, rf__min_samples_leaf=4, rf__max_features=1, rf__max_depth=10, nn__solver=adam, nn__hidden_layer_sizes=50, nn__alpha=0.001, bnb__alpha=0.1, score=0.31310344827586206, total=157.4min
[CV] xgbc__subsample=0.95, xgbc__max_depth=9, xgbc__colsample_bytree=1, svm__estimator__kernel=linear, svm__estimator__gamma=0.001, svm__estimator__C=100, rf__n_estimators=100, rf__min_samples_leaf=4, rf__max_features=1, rf__max_depth=10, nn__solver=adam, nn__hidden_layer_sizes=50, nn__alpha=0.001, bnb__alpha=0.1 
[CV]  xgbc__subsample=0.95, xgbc__max_depth=9, xgbc__colsample_bytree=1, svm__estimator__kernel=linear, svm__estimator__gamma=0.001, svm__estimator__C=100, rf__n_estimators=100, rf__min_samples_leaf=4, rf__max_features=1, rf__max_depth=10, nn__solver=adam, nn__hidden_layer_sizes=50, nn__alpha=0.001, bnb__alpha=0.1, score=0.4317241379310345, total=152.6min
[CV] xgbc__subsample=0.95, xgbc__max_depth=9, xgbc__colsample_bytree=1, svm__estimator__kernel=linear, svm__estimator__gamma=0.001, svm__estimator__C=100, rf__n_estimators=100, rf__min_samples_leaf=4, rf__max_features=1, rf__max_depth=10, nn__solver=adam, nn__hidden_layer_sizes=50, nn__alpha=0.001, bnb__alpha=0.1 
[CV]  xgbc__subsample=0.95, xgbc__max_depth=9, xgbc__colsample_bytree=1, svm__estimator__kernel=linear, svm__estimator__gamma=0.001, svm__estimator__C=100, rf__n_estimators=100, rf__min_samples_leaf=4, rf__max_features=1, rf__max_depth=10, nn__solver=adam, nn__hidden_layer_sizes=50, nn__alpha=0.001, bnb__alpha=0.1, score=0.3687845303867403, total=128.9min
[CV] xgbc__subsample=0.95, xgbc__max_depth=9, xgbc__colsample_bytree=1, svm__estimator__kernel=linear, svm__estimator__gamma=0.001, svm__estimator__C=100, rf__n_estimators=100, rf__min_samples_leaf=4, rf__max_features=1, rf__max_depth=10, nn__solver=adam, nn__hidden_layer_sizes=50, nn__alpha=0.001, bnb__alpha=0.1 
[CV]  xgbc__subsample=0.95, xgbc__max_depth=9, xgbc__colsample_bytree=1, svm__estimator__kernel=linear, svm__estimator__gamma=0.001, svm__estimator__C=100, rf__n_estimators=100, rf__min_samples_leaf=4, rf__max_features=1, rf__max_depth=10, nn__solver=adam, nn__hidden_layer_sizes=50, nn__alpha=0.001, bnb__alpha=0.1, score=0.45228215767634855, total=160.1min
[CV] xgbc__subsample=0.5, xgbc__max_depth=6, xgbc__colsample_bytree=0.5, svm__estimator__kernel=linear, svm__estimator__gamma=0.001, svm__estimator__C=100, rf__n_estimators=10, rf__min_samples_leaf=1, rf__max_features=1, rf__max_depth=5, nn__solver=sgd, nn__hidden_layer_sizes=50, nn__alpha=0.0001, bnb__alpha=0.1 
[CV]  xgbc__subsample=0.5, xgbc__max_depth=6, xgbc__colsample_bytree=0.5, svm__estimator__kernel=linear, svm__estimator__gamma=0.001, svm__estimator__C=100, rf__n_estimators=10, rf__min_samples_leaf=1, rf__max_features=1, rf__max_depth=5, nn__solver=sgd, nn__hidden_layer_sizes=50, nn__alpha=0.0001, bnb__alpha=0.1, score=0.5110192837465565, total=131.7min
[CV] xgbc__subsample=0.5, xgbc__max_depth=6, xgbc__colsample_bytree=0.5, svm__estimator__kernel=linear, svm__estimator__gamma=0.001, svm__estimator__C=100, rf__n_estimators=10, rf__min_samples_leaf=1, rf__max_features=1, rf__max_depth=5, nn__solver=sgd, nn__hidden_layer_sizes=50, nn__alpha=0.0001, bnb__alpha=0.1 
[CV]  xgbc__subsample=0.5, xgbc__max_depth=6, xgbc__colsample_bytree=0.5, svm__estimator__kernel=linear, svm__estimator__gamma=0.001, svm__estimator__C=100, rf__n_estimators=10, rf__min_samples_leaf=1, rf__max_features=1, rf__max_depth=5, nn__solver=sgd, nn__hidden_layer_sizes=50, nn__alpha=0.0001, bnb__alpha=0.1, score=0.3255172413793103, total=150.0min
[CV] xgbc__subsample=0.5, xgbc__max_depth=6, xgbc__colsample_bytree=0.5, svm__estimator__kernel=linear, svm__estimator__gamma=0.001, svm__estimator__C=100, rf__n_estimators=10, rf__min_samples_leaf=1, rf__max_features=1, rf__max_depth=5, nn__solver=sgd, nn__hidden_layer_sizes=50, nn__alpha=0.0001, bnb__alpha=0.1 
[CV]  xgbc__subsample=0.5, xgbc__max_depth=6, xgbc__colsample_bytree=0.5, svm__estimator__kernel=linear, svm__estimator__gamma=0.001, svm__estimator__C=100, rf__n_estimators=10, rf__min_samples_leaf=1, rf__max_features=1, rf__max_depth=5, nn__solver=sgd, nn__hidden_layer_sizes=50, nn__alpha=0.0001, bnb__alpha=0.1, score=0.4496551724137931, total=143.4min
[CV] xgbc__subsample=0.5, xgbc__max_depth=6, xgbc__colsample_bytree=0.5, svm__estimator__kernel=linear, svm__estimator__gamma=0.001, svm__estimator__C=100, rf__n_estimators=10, rf__min_samples_leaf=1, rf__max_features=1, rf__max_depth=5, nn__solver=sgd, nn__hidden_layer_sizes=50, nn__alpha=0.0001, bnb__alpha=0.1 
[CV]  xgbc__subsample=0.5, xgbc__max_depth=6, xgbc__colsample_bytree=0.5, svm__estimator__kernel=linear, svm__estimator__gamma=0.001, svm__estimator__C=100, rf__n_estimators=10, rf__min_samples_leaf=1, rf__max_features=1, rf__max_depth=5, nn__solver=sgd, nn__hidden_layer_sizes=50, nn__alpha=0.0001, bnb__alpha=0.1, score=0.4074585635359116, total=125.0min
[CV] xgbc__subsample=0.5, xgbc__max_depth=6, xgbc__colsample_bytree=0.5, svm__estimator__kernel=linear, svm__estimator__gamma=0.001, svm__estimator__C=100, rf__n_estimators=10, rf__min_samples_leaf=1, rf__max_features=1, rf__max_depth=5, nn__solver=sgd, nn__hidden_layer_sizes=50, nn__alpha=0.0001, bnb__alpha=0.1 
[CV]  xgbc__subsample=0.5, xgbc__max_depth=6, xgbc__colsample_bytree=0.5, svm__estimator__kernel=linear, svm__estimator__gamma=0.001, svm__estimator__C=100, rf__n_estimators=10, rf__min_samples_leaf=1, rf__max_features=1, rf__max_depth=5, nn__solver=sgd, nn__hidden_layer_sizes=50, nn__alpha=0.0001, bnb__alpha=0.1, score=0.45020746887966806, total=161.0min
[CV] xgbc__subsample=1.0, xgbc__max_depth=9, xgbc__colsample_bytree=1, svm__estimator__kernel=linear, svm__estimator__gamma=0.001, svm__estimator__C=100, rf__n_estimators=10, rf__min_samples_leaf=2, rf__max_features=auto, rf__max_depth=None, nn__solver=sgd, nn__hidden_layer_sizes=200, nn__alpha=0.0001, bnb__alpha=1.0 
[CV]  xgbc__subsample=1.0, xgbc__max_depth=9, xgbc__colsample_bytree=1, svm__estimator__kernel=linear, svm__estimator__gamma=0.001, svm__estimator__C=100, rf__n_estimators=10, rf__min_samples_leaf=2, rf__max_features=auto, rf__max_depth=None, nn__solver=sgd, nn__hidden_layer_sizes=200, nn__alpha=0.0001, bnb__alpha=1.0, score=0.5013774104683195, total=132.1min
[CV] xgbc__subsample=1.0, xgbc__max_depth=9, xgbc__colsample_bytree=1, svm__estimator__kernel=linear, svm__estimator__gamma=0.001, svm__estimator__C=100, rf__n_estimators=10, rf__min_samples_leaf=2, rf__max_features=auto, rf__max_depth=None, nn__solver=sgd, nn__hidden_layer_sizes=200, nn__alpha=0.0001, bnb__alpha=1.0 