   CIG_category  Medium cloud cover     ...         Geop250     Temp500
0           5.0             51.5381     ...      10327.1807  250.403300
1           5.0             37.7930     ...             NaN  255.750634
2           6.0             16.8457     ...      10354.4023  250.291500
3           6.0              8.6426     ...             NaN  255.740635
4           6.0              9.2773     ...             NaN  255.739968

[5 rows x 31 columns]
   CIG_category  Medium cloud cover     ...         Geop250     Temp500
0           6.0              0.0000     ...      10655.9932  259.748000
1           6.0              2.5391     ...             NaN  255.174833
2           6.0              4.1016     ...             NaN  255.174022
3           6.0             22.6074     ...      10661.6865  259.150500
4           1.0             24.1699     ...             NaN  255.110723

[5 rows x 31 columns]
Index(['Medium cloud cover', 'temp', 'Temperature', 'cloud_count', 'u-co600',
       'u-co500', 'u-co700', 'u-co400', 'Temp1000', 'Temp975', 'Temp950',
       'Temp925', 'Temp900', 'Temp800', 'Temp700', 'u-co300', 'Temp850',
       'Geop500', 'Geop600', 'u-co100', 'Temp600', 'Geop400', 'u-co250',
       'u-co150', 'Geop300', 'u-co200', 'u-co800', 'Geop700', 'Geop250',
       'Temp500'],
      dtype='object')
Index(['Medium cloud cover', 'temp', 'Temperature', 'cloud_count', 'u-co600',
       'u-co500', 'u-co700', 'u-co400', 'Temp1000', 'Temp975', 'Temp950',
       'Temp925', 'Temp900', 'Temp800', 'Temp700', 'u-co300', 'Temp850',
       'Geop500', 'Geop600', 'u-co100', 'Temp600', 'Geop400', 'u-co250',
       'u-co150', 'Geop300', 'u-co200', 'u-co800', 'Geop700', 'Geop250',
       'Temp500'],
      dtype='object')
Here: multi-SVM
Here: NN
[6. 1. 1. ... 6. 6. 6.]
0.5262522631261316
Here: Random Forest
[6. 1. 1. ... 6. 1. 1.]
0.4996982498491249
Here: Naive Bayes: Gaussian
[6. 6. 6. ... 6. 6. 6.]
0.38111044055522025
Here: Naive Bayes: Bernoulli
[6. 6. 6. ... 6. 6. 6.]
0.40615570307785154
Here: xGBoost
[1. 6. 6. ... 6. 1. 6.]
0.5395292697646349
Fitting 5 folds for each of 100 candidates, totalling 500 fits
[CV] xgbc__subsample=1.0, xgbc__max_depth=6, xgbc__colsample_bytree=0.5, svm__estimator__kernel=rbf, svm__estimator__gamma=0.01, svm__estimator__C=1, rf__n_estimators=10, rf__min_samples_leaf=4, rf__max_features=auto, rf__max_depth=1, nn__solver=sgd, nn__hidden_layer_sizes=10, nn__alpha=0.01, bnb__alpha=0.0001 
[CV]  xgbc__subsample=1.0, xgbc__max_depth=6, xgbc__colsample_bytree=0.5, svm__estimator__kernel=rbf, svm__estimator__gamma=0.01, svm__estimator__C=1, rf__n_estimators=10, rf__min_samples_leaf=4, rf__max_features=auto, rf__max_depth=1, nn__solver=sgd, nn__hidden_layer_sizes=10, nn__alpha=0.01, bnb__alpha=0.0001, score=0.5110192837465565, total=  31.6s
[CV] xgbc__subsample=1.0, xgbc__max_depth=6, xgbc__colsample_bytree=0.5, svm__estimator__kernel=rbf, svm__estimator__gamma=0.01, svm__estimator__C=1, rf__n_estimators=10, rf__min_samples_leaf=4, rf__max_features=auto, rf__max_depth=1, nn__solver=sgd, nn__hidden_layer_sizes=10, nn__alpha=0.01, bnb__alpha=0.0001 
[CV]  xgbc__subsample=1.0, xgbc__max_depth=6, xgbc__colsample_bytree=0.5, svm__estimator__kernel=rbf, svm__estimator__gamma=0.01, svm__estimator__C=1, rf__n_estimators=10, rf__min_samples_leaf=4, rf__max_features=auto, rf__max_depth=1, nn__solver=sgd, nn__hidden_layer_sizes=10, nn__alpha=0.01, bnb__alpha=0.0001, score=0.3317241379310345, total=  30.4s
[CV] xgbc__subsample=1.0, xgbc__max_depth=6, xgbc__colsample_bytree=0.5, svm__estimator__kernel=rbf, svm__estimator__gamma=0.01, svm__estimator__C=1, rf__n_estimators=10, rf__min_samples_leaf=4, rf__max_features=auto, rf__max_depth=1, nn__solver=sgd, nn__hidden_layer_sizes=10, nn__alpha=0.01, bnb__alpha=0.0001 
[CV]  xgbc__subsample=1.0, xgbc__max_depth=6, xgbc__colsample_bytree=0.5, svm__estimator__kernel=rbf, svm__estimator__gamma=0.01, svm__estimator__C=1, rf__n_estimators=10, rf__min_samples_leaf=4, rf__max_features=auto, rf__max_depth=1, nn__solver=sgd, nn__hidden_layer_sizes=10, nn__alpha=0.01, bnb__alpha=0.0001, score=0.45517241379310347, total=  29.2s
[CV] xgbc__subsample=1.0, xgbc__max_depth=6, xgbc__colsample_bytree=0.5, svm__estimator__kernel=rbf, svm__estimator__gamma=0.01, svm__estimator__C=1, rf__n_estimators=10, rf__min_samples_leaf=4, rf__max_features=auto, rf__max_depth=1, nn__solver=sgd, nn__hidden_layer_sizes=10, nn__alpha=0.01, bnb__alpha=0.0001 
[CV]  xgbc__subsample=1.0, xgbc__max_depth=6, xgbc__colsample_bytree=0.5, svm__estimator__kernel=rbf, svm__estimator__gamma=0.01, svm__estimator__C=1, rf__n_estimators=10, rf__min_samples_leaf=4, rf__max_features=auto, rf__max_depth=1, nn__solver=sgd, nn__hidden_layer_sizes=10, nn__alpha=0.01, bnb__alpha=0.0001, score=0.4399171270718232, total=  29.2s
[CV] xgbc__subsample=1.0, xgbc__max_depth=6, xgbc__colsample_bytree=0.5, svm__estimator__kernel=rbf, svm__estimator__gamma=0.01, svm__estimator__C=1, rf__n_estimators=10, rf__min_samples_leaf=4, rf__max_features=auto, rf__max_depth=1, nn__solver=sgd, nn__hidden_layer_sizes=10, nn__alpha=0.01, bnb__alpha=0.0001 
[CV]  xgbc__subsample=1.0, xgbc__max_depth=6, xgbc__colsample_bytree=0.5, svm__estimator__kernel=rbf, svm__estimator__gamma=0.01, svm__estimator__C=1, rf__n_estimators=10, rf__min_samples_leaf=4, rf__max_features=auto, rf__max_depth=1, nn__solver=sgd, nn__hidden_layer_sizes=10, nn__alpha=0.01, bnb__alpha=0.0001, score=0.4426002766251729, total=  28.5s
[CV] xgbc__subsample=1.0, xgbc__max_depth=3, xgbc__colsample_bytree=0.5, svm__estimator__kernel=rbf, svm__estimator__gamma=0.001, svm__estimator__C=1, rf__n_estimators=100, rf__min_samples_leaf=1, rf__max_features=auto, rf__max_depth=10, nn__solver=adam, nn__hidden_layer_sizes=200, nn__alpha=0.01, bnb__alpha=0.0001 
[CV]  xgbc__subsample=1.0, xgbc__max_depth=3, xgbc__colsample_bytree=0.5, svm__estimator__kernel=rbf, svm__estimator__gamma=0.001, svm__estimator__C=1, rf__n_estimators=100, rf__min_samples_leaf=1, rf__max_features=auto, rf__max_depth=10, nn__solver=adam, nn__hidden_layer_sizes=200, nn__alpha=0.01, bnb__alpha=0.0001, score=0.5089531680440771, total=  30.8s
[CV] xgbc__subsample=1.0, xgbc__max_depth=3, xgbc__colsample_bytree=0.5, svm__estimator__kernel=rbf, svm__estimator__gamma=0.001, svm__estimator__C=1, rf__n_estimators=100, rf__min_samples_leaf=1, rf__max_features=auto, rf__max_depth=10, nn__solver=adam, nn__hidden_layer_sizes=200, nn__alpha=0.01, bnb__alpha=0.0001 
[CV]  xgbc__subsample=1.0, xgbc__max_depth=3, xgbc__colsample_bytree=0.5, svm__estimator__kernel=rbf, svm__estimator__gamma=0.001, svm__estimator__C=1, rf__n_estimators=100, rf__min_samples_leaf=1, rf__max_features=auto, rf__max_depth=10, nn__solver=adam, nn__hidden_layer_sizes=200, nn__alpha=0.01, bnb__alpha=0.0001, score=0.3117241379310345, total=  27.6s
[CV] xgbc__subsample=1.0, xgbc__max_depth=3, xgbc__colsample_bytree=0.5, svm__estimator__kernel=rbf, svm__estimator__gamma=0.001, svm__estimator__C=1, rf__n_estimators=100, rf__min_samples_leaf=1, rf__max_features=auto, rf__max_depth=10, nn__solver=adam, nn__hidden_layer_sizes=200, nn__alpha=0.01, bnb__alpha=0.0001 
[CV]  xgbc__subsample=1.0, xgbc__max_depth=3, xgbc__colsample_bytree=0.5, svm__estimator__kernel=rbf, svm__estimator__gamma=0.001, svm__estimator__C=1, rf__n_estimators=100, rf__min_samples_leaf=1, rf__max_features=auto, rf__max_depth=10, nn__solver=adam, nn__hidden_layer_sizes=200, nn__alpha=0.01, bnb__alpha=0.0001, score=0.44413793103448274, total=  27.6s
[CV] xgbc__subsample=1.0, xgbc__max_depth=3, xgbc__colsample_bytree=0.5, svm__estimator__kernel=rbf, svm__estimator__gamma=0.001, svm__estimator__C=1, rf__n_estimators=100, rf__min_samples_leaf=1, rf__max_features=auto, rf__max_depth=10, nn__solver=adam, nn__hidden_layer_sizes=200, nn__alpha=0.01, bnb__alpha=0.0001 
[CV]  xgbc__subsample=1.0, xgbc__max_depth=3, xgbc__colsample_bytree=0.5, svm__estimator__kernel=rbf, svm__estimator__gamma=0.001, svm__estimator__C=1, rf__n_estimators=100, rf__min_samples_leaf=1, rf__max_features=auto, rf__max_depth=10, nn__solver=adam, nn__hidden_layer_sizes=200, nn__alpha=0.01, bnb__alpha=0.0001, score=0.412292817679558, total=  31.2s
[CV] xgbc__subsample=1.0, xgbc__max_depth=3, xgbc__colsample_bytree=0.5, svm__estimator__kernel=rbf, svm__estimator__gamma=0.001, svm__estimator__C=1, rf__n_estimators=100, rf__min_samples_leaf=1, rf__max_features=auto, rf__max_depth=10, nn__solver=adam, nn__hidden_layer_sizes=200, nn__alpha=0.01, bnb__alpha=0.0001 
[CV]  xgbc__subsample=1.0, xgbc__max_depth=3, xgbc__colsample_bytree=0.5, svm__estimator__kernel=rbf, svm__estimator__gamma=0.001, svm__estimator__C=1, rf__n_estimators=100, rf__min_samples_leaf=1, rf__max_features=auto, rf__max_depth=10, nn__solver=adam, nn__hidden_layer_sizes=200, nn__alpha=0.01, bnb__alpha=0.0001, score=0.45643153526970953, total=  30.5s
[CV] xgbc__subsample=0.5, xgbc__max_depth=9, xgbc__colsample_bytree=0.5, svm__estimator__kernel=linear, svm__estimator__gamma=0.001, svm__estimator__C=10, rf__n_estimators=100, rf__min_samples_leaf=2, rf__max_features=1, rf__max_depth=10, nn__solver=adam, nn__hidden_layer_sizes=100, nn__alpha=0.01, bnb__alpha=1.0 
[CV]  xgbc__subsample=0.5, xgbc__max_depth=9, xgbc__colsample_bytree=0.5, svm__estimator__kernel=linear, svm__estimator__gamma=0.001, svm__estimator__C=10, rf__n_estimators=100, rf__min_samples_leaf=2, rf__max_features=1, rf__max_depth=10, nn__solver=adam, nn__hidden_layer_sizes=100, nn__alpha=0.01, bnb__alpha=1.0, score=0.5, total=13.8min
[CV] xgbc__subsample=0.5, xgbc__max_depth=9, xgbc__colsample_bytree=0.5, svm__estimator__kernel=linear, svm__estimator__gamma=0.001, svm__estimator__C=10, rf__n_estimators=100, rf__min_samples_leaf=2, rf__max_features=1, rf__max_depth=10, nn__solver=adam, nn__hidden_layer_sizes=100, nn__alpha=0.01, bnb__alpha=1.0 
[CV]  xgbc__subsample=0.5, xgbc__max_depth=9, xgbc__colsample_bytree=0.5, svm__estimator__kernel=linear, svm__estimator__gamma=0.001, svm__estimator__C=10, rf__n_estimators=100, rf__min_samples_leaf=2, rf__max_features=1, rf__max_depth=10, nn__solver=adam, nn__hidden_layer_sizes=100, nn__alpha=0.01, bnb__alpha=1.0, score=0.3103448275862069, total=17.6min
[CV] xgbc__subsample=0.5, xgbc__max_depth=9, xgbc__colsample_bytree=0.5, svm__estimator__kernel=linear, svm__estimator__gamma=0.001, svm__estimator__C=10, rf__n_estimators=100, rf__min_samples_leaf=2, rf__max_features=1, rf__max_depth=10, nn__solver=adam, nn__hidden_layer_sizes=100, nn__alpha=0.01, bnb__alpha=1.0 
[CV]  xgbc__subsample=0.5, xgbc__max_depth=9, xgbc__colsample_bytree=0.5, svm__estimator__kernel=linear, svm__estimator__gamma=0.001, svm__estimator__C=10, rf__n_estimators=100, rf__min_samples_leaf=2, rf__max_features=1, rf__max_depth=10, nn__solver=adam, nn__hidden_layer_sizes=100, nn__alpha=0.01, bnb__alpha=1.0, score=0.40551724137931033, total=12.6min
[CV] xgbc__subsample=0.5, xgbc__max_depth=9, xgbc__colsample_bytree=0.5, svm__estimator__kernel=linear, svm__estimator__gamma=0.001, svm__estimator__C=10, rf__n_estimators=100, rf__min_samples_leaf=2, rf__max_features=1, rf__max_depth=10, nn__solver=adam, nn__hidden_layer_sizes=100, nn__alpha=0.01, bnb__alpha=1.0 
[CV]  xgbc__subsample=0.5, xgbc__max_depth=9, xgbc__colsample_bytree=0.5, svm__estimator__kernel=linear, svm__estimator__gamma=0.001, svm__estimator__C=10, rf__n_estimators=100, rf__min_samples_leaf=2, rf__max_features=1, rf__max_depth=10, nn__solver=adam, nn__hidden_layer_sizes=100, nn__alpha=0.01, bnb__alpha=1.0, score=0.3701657458563536, total=15.2min
[CV] xgbc__subsample=0.5, xgbc__max_depth=9, xgbc__colsample_bytree=0.5, svm__estimator__kernel=linear, svm__estimator__gamma=0.001, svm__estimator__C=10, rf__n_estimators=100, rf__min_samples_leaf=2, rf__max_features=1, rf__max_depth=10, nn__solver=adam, nn__hidden_layer_sizes=100, nn__alpha=0.01, bnb__alpha=1.0 
[CV]  xgbc__subsample=0.5, xgbc__max_depth=9, xgbc__colsample_bytree=0.5, svm__estimator__kernel=linear, svm__estimator__gamma=0.001, svm__estimator__C=10, rf__n_estimators=100, rf__min_samples_leaf=2, rf__max_features=1, rf__max_depth=10, nn__solver=adam, nn__hidden_layer_sizes=100, nn__alpha=0.01, bnb__alpha=1.0, score=0.44467496542185336, total=18.3min
[CV] xgbc__subsample=1.0, xgbc__max_depth=9, xgbc__colsample_bytree=0.5, svm__estimator__kernel=rbf, svm__estimator__gamma=0.01, svm__estimator__C=100, rf__n_estimators=100, rf__min_samples_leaf=2, rf__max_features=auto, rf__max_depth=5, nn__solver=adam, nn__hidden_layer_sizes=100, nn__alpha=0.0001, bnb__alpha=0.0001 
[CV]  xgbc__subsample=1.0, xgbc__max_depth=9, xgbc__colsample_bytree=0.5, svm__estimator__kernel=rbf, svm__estimator__gamma=0.01, svm__estimator__C=100, rf__n_estimators=100, rf__min_samples_leaf=2, rf__max_features=auto, rf__max_depth=5, nn__solver=adam, nn__hidden_layer_sizes=100, nn__alpha=0.0001, bnb__alpha=0.0001, score=0.5027548209366391, total=  53.6s
[CV] xgbc__subsample=1.0, xgbc__max_depth=9, xgbc__colsample_bytree=0.5, svm__estimator__kernel=rbf, svm__estimator__gamma=0.01, svm__estimator__C=100, rf__n_estimators=100, rf__min_samples_leaf=2, rf__max_features=auto, rf__max_depth=5, nn__solver=adam, nn__hidden_layer_sizes=100, nn__alpha=0.0001, bnb__alpha=0.0001 
[CV]  xgbc__subsample=1.0, xgbc__max_depth=9, xgbc__colsample_bytree=0.5, svm__estimator__kernel=rbf, svm__estimator__gamma=0.01, svm__estimator__C=100, rf__n_estimators=100, rf__min_samples_leaf=2, rf__max_features=auto, rf__max_depth=5, nn__solver=adam, nn__hidden_layer_sizes=100, nn__alpha=0.0001, bnb__alpha=0.0001, score=0.3082758620689655, total=  49.4s
[CV] xgbc__subsample=1.0, xgbc__max_depth=9, xgbc__colsample_bytree=0.5, svm__estimator__kernel=rbf, svm__estimator__gamma=0.01, svm__estimator__C=100, rf__n_estimators=100, rf__min_samples_leaf=2, rf__max_features=auto, rf__max_depth=5, nn__solver=adam, nn__hidden_layer_sizes=100, nn__alpha=0.0001, bnb__alpha=0.0001 
[CV]  xgbc__subsample=1.0, xgbc__max_depth=9, xgbc__colsample_bytree=0.5, svm__estimator__kernel=rbf, svm__estimator__gamma=0.01, svm__estimator__C=100, rf__n_estimators=100, rf__min_samples_leaf=2, rf__max_features=auto, rf__max_depth=5, nn__solver=adam, nn__hidden_layer_sizes=100, nn__alpha=0.0001, bnb__alpha=0.0001, score=0.39241379310344826, total=  50.4s
[CV] xgbc__subsample=1.0, xgbc__max_depth=9, xgbc__colsample_bytree=0.5, svm__estimator__kernel=rbf, svm__estimator__gamma=0.01, svm__estimator__C=100, rf__n_estimators=100, rf__min_samples_leaf=2, rf__max_features=auto, rf__max_depth=5, nn__solver=adam, nn__hidden_layer_sizes=100, nn__alpha=0.0001, bnb__alpha=0.0001 
[CV]  xgbc__subsample=1.0, xgbc__max_depth=9, xgbc__colsample_bytree=0.5, svm__estimator__kernel=rbf, svm__estimator__gamma=0.01, svm__estimator__C=100, rf__n_estimators=100, rf__min_samples_leaf=2, rf__max_features=auto, rf__max_depth=5, nn__solver=adam, nn__hidden_layer_sizes=100, nn__alpha=0.0001, bnb__alpha=0.0001, score=0.3819060773480663, total=  48.7s
[CV] xgbc__subsample=1.0, xgbc__max_depth=9, xgbc__colsample_bytree=0.5, svm__estimator__kernel=rbf, svm__estimator__gamma=0.01, svm__estimator__C=100, rf__n_estimators=100, rf__min_samples_leaf=2, rf__max_features=auto, rf__max_depth=5, nn__solver=adam, nn__hidden_layer_sizes=100, nn__alpha=0.0001, bnb__alpha=0.0001 
[CV]  xgbc__subsample=1.0, xgbc__max_depth=9, xgbc__colsample_bytree=0.5, svm__estimator__kernel=rbf, svm__estimator__gamma=0.01, svm__estimator__C=100, rf__n_estimators=100, rf__min_samples_leaf=2, rf__max_features=auto, rf__max_depth=5, nn__solver=adam, nn__hidden_layer_sizes=100, nn__alpha=0.0001, bnb__alpha=0.0001, score=0.4529737206085754, total=  50.3s
[CV] xgbc__subsample=0.95, xgbc__max_depth=6, xgbc__colsample_bytree=1, svm__estimator__kernel=rbf, svm__estimator__gamma=0.001, svm__estimator__C=1, rf__n_estimators=100, rf__min_samples_leaf=2, rf__max_features=auto, rf__max_depth=10, nn__solver=adam, nn__hidden_layer_sizes=50, nn__alpha=0.01, bnb__alpha=0.1 
[CV]  xgbc__subsample=0.95, xgbc__max_depth=6, xgbc__colsample_bytree=1, svm__estimator__kernel=rbf, svm__estimator__gamma=0.001, svm__estimator__C=1, rf__n_estimators=100, rf__min_samples_leaf=2, rf__max_features=auto, rf__max_depth=10, nn__solver=adam, nn__hidden_layer_sizes=50, nn__alpha=0.01, bnb__alpha=0.1, score=0.5130853994490359, total=  29.7s
[CV] xgbc__subsample=0.95, xgbc__max_depth=6, xgbc__colsample_bytree=1, svm__estimator__kernel=rbf, svm__estimator__gamma=0.001, svm__estimator__C=1, rf__n_estimators=100, rf__min_samples_leaf=2, rf__max_features=auto, rf__max_depth=10, nn__solver=adam, nn__hidden_layer_sizes=50, nn__alpha=0.01, bnb__alpha=0.1 
[CV]  xgbc__subsample=0.95, xgbc__max_depth=6, xgbc__colsample_bytree=1, svm__estimator__kernel=rbf, svm__estimator__gamma=0.001, svm__estimator__C=1, rf__n_estimators=100, rf__min_samples_leaf=2, rf__max_features=auto, rf__max_depth=10, nn__solver=adam, nn__hidden_layer_sizes=50, nn__alpha=0.01, bnb__alpha=0.1, score=0.30551724137931036, total=  29.5s
[CV] xgbc__subsample=0.95, xgbc__max_depth=6, xgbc__colsample_bytree=1, svm__estimator__kernel=rbf, svm__estimator__gamma=0.001, svm__estimator__C=1, rf__n_estimators=100, rf__min_samples_leaf=2, rf__max_features=auto, rf__max_depth=10, nn__solver=adam, nn__hidden_layer_sizes=50, nn__alpha=0.01, bnb__alpha=0.1 
[CV]  xgbc__subsample=0.95, xgbc__max_depth=6, xgbc__colsample_bytree=1, svm__estimator__kernel=rbf, svm__estimator__gamma=0.001, svm__estimator__C=1, rf__n_estimators=100, rf__min_samples_leaf=2, rf__max_features=auto, rf__max_depth=10, nn__solver=adam, nn__hidden_layer_sizes=50, nn__alpha=0.01, bnb__alpha=0.1, score=0.4262068965517241, total=  30.1s
[CV] xgbc__subsample=0.95, xgbc__max_depth=6, xgbc__colsample_bytree=1, svm__estimator__kernel=rbf, svm__estimator__gamma=0.001, svm__estimator__C=1, rf__n_estimators=100, rf__min_samples_leaf=2, rf__max_features=auto, rf__max_depth=10, nn__solver=adam, nn__hidden_layer_sizes=50, nn__alpha=0.01, bnb__alpha=0.1 
[CV]  xgbc__subsample=0.95, xgbc__max_depth=6, xgbc__colsample_bytree=1, svm__estimator__kernel=rbf, svm__estimator__gamma=0.001, svm__estimator__C=1, rf__n_estimators=100, rf__min_samples_leaf=2, rf__max_features=auto, rf__max_depth=10, nn__solver=adam, nn__hidden_layer_sizes=50, nn__alpha=0.01, bnb__alpha=0.1, score=0.38743093922651933, total=  28.7s
[CV] xgbc__subsample=0.95, xgbc__max_depth=6, xgbc__colsample_bytree=1, svm__estimator__kernel=rbf, svm__estimator__gamma=0.001, svm__estimator__C=1, rf__n_estimators=100, rf__min_samples_leaf=2, rf__max_features=auto, rf__max_depth=10, nn__solver=adam, nn__hidden_layer_sizes=50, nn__alpha=0.01, bnb__alpha=0.1 
[CV]  xgbc__subsample=0.95, xgbc__max_depth=6, xgbc__colsample_bytree=1, svm__estimator__kernel=rbf, svm__estimator__gamma=0.001, svm__estimator__C=1, rf__n_estimators=100, rf__min_samples_leaf=2, rf__max_features=auto, rf__max_depth=10, nn__solver=adam, nn__hidden_layer_sizes=50, nn__alpha=0.01, bnb__alpha=0.1, score=0.45228215767634855, total=  30.5s
[CV] xgbc__subsample=0.5, xgbc__max_depth=3, xgbc__colsample_bytree=1, svm__estimator__kernel=rbf, svm__estimator__gamma=0.001, svm__estimator__C=100, rf__n_estimators=100, rf__min_samples_leaf=4, rf__max_features=1, rf__max_depth=10, nn__solver=adam, nn__hidden_layer_sizes=100, nn__alpha=0.001, bnb__alpha=1.0 
[CV]  xgbc__subsample=0.5, xgbc__max_depth=3, xgbc__colsample_bytree=1, svm__estimator__kernel=rbf, svm__estimator__gamma=0.001, svm__estimator__C=100, rf__n_estimators=100, rf__min_samples_leaf=4, rf__max_features=1, rf__max_depth=10, nn__solver=adam, nn__hidden_layer_sizes=100, nn__alpha=0.001, bnb__alpha=1.0, score=0.5110192837465565, total=  56.4s
[CV] xgbc__subsample=0.5, xgbc__max_depth=3, xgbc__colsample_bytree=1, svm__estimator__kernel=rbf, svm__estimator__gamma=0.001, svm__estimator__C=100, rf__n_estimators=100, rf__min_samples_leaf=4, rf__max_features=1, rf__max_depth=10, nn__solver=adam, nn__hidden_layer_sizes=100, nn__alpha=0.001, bnb__alpha=1.0 
[CV]  xgbc__subsample=0.5, xgbc__max_depth=3, xgbc__colsample_bytree=1, svm__estimator__kernel=rbf, svm__estimator__gamma=0.001, svm__estimator__C=100, rf__n_estimators=100, rf__min_samples_leaf=4, rf__max_features=1, rf__max_depth=10, nn__solver=adam, nn__hidden_layer_sizes=100, nn__alpha=0.001, bnb__alpha=1.0, score=0.32689655172413795, total=  57.8s
[CV] xgbc__subsample=0.5, xgbc__max_depth=3, xgbc__colsample_bytree=1, svm__estimator__kernel=rbf, svm__estimator__gamma=0.001, svm__estimator__C=100, rf__n_estimators=100, rf__min_samples_leaf=4, rf__max_features=1, rf__max_depth=10, nn__solver=adam, nn__hidden_layer_sizes=100, nn__alpha=0.001, bnb__alpha=1.0 
[CV]  xgbc__subsample=0.5, xgbc__max_depth=3, xgbc__colsample_bytree=1, svm__estimator__kernel=rbf, svm__estimator__gamma=0.001, svm__estimator__C=100, rf__n_estimators=100, rf__min_samples_leaf=4, rf__max_features=1, rf__max_depth=10, nn__solver=adam, nn__hidden_layer_sizes=100, nn__alpha=0.001, bnb__alpha=1.0, score=0.42758620689655175, total=  56.5s
[CV] xgbc__subsample=0.5, xgbc__max_depth=3, xgbc__colsample_bytree=1, svm__estimator__kernel=rbf, svm__estimator__gamma=0.001, svm__estimator__C=100, rf__n_estimators=100, rf__min_samples_leaf=4, rf__max_features=1, rf__max_depth=10, nn__solver=adam, nn__hidden_layer_sizes=100, nn__alpha=0.001, bnb__alpha=1.0 
[CV]  xgbc__subsample=0.5, xgbc__max_depth=3, xgbc__colsample_bytree=1, svm__estimator__kernel=rbf, svm__estimator__gamma=0.001, svm__estimator__C=100, rf__n_estimators=100, rf__min_samples_leaf=4, rf__max_features=1, rf__max_depth=10, nn__solver=adam, nn__hidden_layer_sizes=100, nn__alpha=0.001, bnb__alpha=1.0, score=0.3812154696132597, total=  59.0s
[CV] xgbc__subsample=0.5, xgbc__max_depth=3, xgbc__colsample_bytree=1, svm__estimator__kernel=rbf, svm__estimator__gamma=0.001, svm__estimator__C=100, rf__n_estimators=100, rf__min_samples_leaf=4, rf__max_features=1, rf__max_depth=10, nn__solver=adam, nn__hidden_layer_sizes=100, nn__alpha=0.001, bnb__alpha=1.0 
[CV]  xgbc__subsample=0.5, xgbc__max_depth=3, xgbc__colsample_bytree=1, svm__estimator__kernel=rbf, svm__estimator__gamma=0.001, svm__estimator__C=100, rf__n_estimators=100, rf__min_samples_leaf=4, rf__max_features=1, rf__max_depth=10, nn__solver=adam, nn__hidden_layer_sizes=100, nn__alpha=0.001, bnb__alpha=1.0, score=0.44813278008298757, total=  55.6s
[CV] xgbc__subsample=0.95, xgbc__max_depth=3, xgbc__colsample_bytree=1, svm__estimator__kernel=rbf, svm__estimator__gamma=0.001, svm__estimator__C=1, rf__n_estimators=10, rf__min_samples_leaf=4, rf__max_features=auto, rf__max_depth=10, nn__solver=sgd, nn__hidden_layer_sizes=10, nn__alpha=0.0001, bnb__alpha=0.1 
[CV]  xgbc__subsample=0.95, xgbc__max_depth=3, xgbc__colsample_bytree=1, svm__estimator__kernel=rbf, svm__estimator__gamma=0.001, svm__estimator__C=1, rf__n_estimators=10, rf__min_samples_leaf=4, rf__max_features=auto, rf__max_depth=10, nn__solver=sgd, nn__hidden_layer_sizes=10, nn__alpha=0.0001, bnb__alpha=0.1, score=0.5165289256198347, total=  25.7s
[CV] xgbc__subsample=0.95, xgbc__max_depth=3, xgbc__colsample_bytree=1, svm__estimator__kernel=rbf, svm__estimator__gamma=0.001, svm__estimator__C=1, rf__n_estimators=10, rf__min_samples_leaf=4, rf__max_features=auto, rf__max_depth=10, nn__solver=sgd, nn__hidden_layer_sizes=10, nn__alpha=0.0001, bnb__alpha=0.1 
[CV]  xgbc__subsample=0.95, xgbc__max_depth=3, xgbc__colsample_bytree=1, svm__estimator__kernel=rbf, svm__estimator__gamma=0.001, svm__estimator__C=1, rf__n_estimators=10, rf__min_samples_leaf=4, rf__max_features=auto, rf__max_depth=10, nn__solver=sgd, nn__hidden_layer_sizes=10, nn__alpha=0.0001, bnb__alpha=0.1, score=0.34620689655172415, total=  26.8s
[CV] xgbc__subsample=0.95, xgbc__max_depth=3, xgbc__colsample_bytree=1, svm__estimator__kernel=rbf, svm__estimator__gamma=0.001, svm__estimator__C=1, rf__n_estimators=10, rf__min_samples_leaf=4, rf__max_features=auto, rf__max_depth=10, nn__solver=sgd, nn__hidden_layer_sizes=10, nn__alpha=0.0001, bnb__alpha=0.1 
[CV]  xgbc__subsample=0.95, xgbc__max_depth=3, xgbc__colsample_bytree=1, svm__estimator__kernel=rbf, svm__estimator__gamma=0.001, svm__estimator__C=1, rf__n_estimators=10, rf__min_samples_leaf=4, rf__max_features=auto, rf__max_depth=10, nn__solver=sgd, nn__hidden_layer_sizes=10, nn__alpha=0.0001, bnb__alpha=0.1, score=0.4475862068965517, total=  26.0s
[CV] xgbc__subsample=0.95, xgbc__max_depth=3, xgbc__colsample_bytree=1, svm__estimator__kernel=rbf, svm__estimator__gamma=0.001, svm__estimator__C=1, rf__n_estimators=10, rf__min_samples_leaf=4, rf__max_features=auto, rf__max_depth=10, nn__solver=sgd, nn__hidden_layer_sizes=10, nn__alpha=0.0001, bnb__alpha=0.1 
[CV]  xgbc__subsample=0.95, xgbc__max_depth=3, xgbc__colsample_bytree=1, svm__estimator__kernel=rbf, svm__estimator__gamma=0.001, svm__estimator__C=1, rf__n_estimators=10, rf__min_samples_leaf=4, rf__max_features=auto, rf__max_depth=10, nn__solver=sgd, nn__hidden_layer_sizes=10, nn__alpha=0.0001, bnb__alpha=0.1, score=0.45027624309392267, total=  27.7s
[CV] xgbc__subsample=0.95, xgbc__max_depth=3, xgbc__colsample_bytree=1, svm__estimator__kernel=rbf, svm__estimator__gamma=0.001, svm__estimator__C=1, rf__n_estimators=10, rf__min_samples_leaf=4, rf__max_features=auto, rf__max_depth=10, nn__solver=sgd, nn__hidden_layer_sizes=10, nn__alpha=0.0001, bnb__alpha=0.1 
[CV]  xgbc__subsample=0.95, xgbc__max_depth=3, xgbc__colsample_bytree=1, svm__estimator__kernel=rbf, svm__estimator__gamma=0.001, svm__estimator__C=1, rf__n_estimators=10, rf__min_samples_leaf=4, rf__max_features=auto, rf__max_depth=10, nn__solver=sgd, nn__hidden_layer_sizes=10, nn__alpha=0.0001, bnb__alpha=0.1, score=0.45435684647302904, total=  26.1s
[CV] xgbc__subsample=1.0, xgbc__max_depth=3, xgbc__colsample_bytree=0.5, svm__estimator__kernel=linear, svm__estimator__gamma=0.001, svm__estimator__C=1, rf__n_estimators=100, rf__min_samples_leaf=4, rf__max_features=auto, rf__max_depth=1, nn__solver=sgd, nn__hidden_layer_sizes=50, nn__alpha=0.0001, bnb__alpha=1.0 
[CV]  xgbc__subsample=1.0, xgbc__max_depth=3, xgbc__colsample_bytree=0.5, svm__estimator__kernel=linear, svm__estimator__gamma=0.001, svm__estimator__C=1, rf__n_estimators=100, rf__min_samples_leaf=4, rf__max_features=auto, rf__max_depth=1, nn__solver=sgd, nn__hidden_layer_sizes=50, nn__alpha=0.0001, bnb__alpha=1.0, score=0.5151515151515151, total=  32.3s
[CV] xgbc__subsample=1.0, xgbc__max_depth=3, xgbc__colsample_bytree=0.5, svm__estimator__kernel=linear, svm__estimator__gamma=0.001, svm__estimator__C=1, rf__n_estimators=100, rf__min_samples_leaf=4, rf__max_features=auto, rf__max_depth=1, nn__solver=sgd, nn__hidden_layer_sizes=50, nn__alpha=0.0001, bnb__alpha=1.0 
[CV]  xgbc__subsample=1.0, xgbc__max_depth=3, xgbc__colsample_bytree=0.5, svm__estimator__kernel=linear, svm__estimator__gamma=0.001, svm__estimator__C=1, rf__n_estimators=100, rf__min_samples_leaf=4, rf__max_features=auto, rf__max_depth=1, nn__solver=sgd, nn__hidden_layer_sizes=50, nn__alpha=0.0001, bnb__alpha=1.0, score=0.3524137931034483, total=  36.3s
[CV] xgbc__subsample=1.0, xgbc__max_depth=3, xgbc__colsample_bytree=0.5, svm__estimator__kernel=linear, svm__estimator__gamma=0.001, svm__estimator__C=1, rf__n_estimators=100, rf__min_samples_leaf=4, rf__max_features=auto, rf__max_depth=1, nn__solver=sgd, nn__hidden_layer_sizes=50, nn__alpha=0.0001, bnb__alpha=1.0 
[CV]  xgbc__subsample=1.0, xgbc__max_depth=3, xgbc__colsample_bytree=0.5, svm__estimator__kernel=linear, svm__estimator__gamma=0.001, svm__estimator__C=1, rf__n_estimators=100, rf__min_samples_leaf=4, rf__max_features=auto, rf__max_depth=1, nn__solver=sgd, nn__hidden_layer_sizes=50, nn__alpha=0.0001, bnb__alpha=1.0, score=0.463448275862069, total=  30.3s
[CV] xgbc__subsample=1.0, xgbc__max_depth=3, xgbc__colsample_bytree=0.5, svm__estimator__kernel=linear, svm__estimator__gamma=0.001, svm__estimator__C=1, rf__n_estimators=100, rf__min_samples_leaf=4, rf__max_features=auto, rf__max_depth=1, nn__solver=sgd, nn__hidden_layer_sizes=50, nn__alpha=0.0001, bnb__alpha=1.0 
[CV]  xgbc__subsample=1.0, xgbc__max_depth=3, xgbc__colsample_bytree=0.5, svm__estimator__kernel=linear, svm__estimator__gamma=0.001, svm__estimator__C=1, rf__n_estimators=100, rf__min_samples_leaf=4, rf__max_features=auto, rf__max_depth=1, nn__solver=sgd, nn__hidden_layer_sizes=50, nn__alpha=0.0001, bnb__alpha=1.0, score=0.4599447513812155, total=  32.5s
[CV] xgbc__subsample=1.0, xgbc__max_depth=3, xgbc__colsample_bytree=0.5, svm__estimator__kernel=linear, svm__estimator__gamma=0.001, svm__estimator__C=1, rf__n_estimators=100, rf__min_samples_leaf=4, rf__max_features=auto, rf__max_depth=1, nn__solver=sgd, nn__hidden_layer_sizes=50, nn__alpha=0.0001, bnb__alpha=1.0 
[CV]  xgbc__subsample=1.0, xgbc__max_depth=3, xgbc__colsample_bytree=0.5, svm__estimator__kernel=linear, svm__estimator__gamma=0.001, svm__estimator__C=1, rf__n_estimators=100, rf__min_samples_leaf=4, rf__max_features=auto, rf__max_depth=1, nn__solver=sgd, nn__hidden_layer_sizes=50, nn__alpha=0.0001, bnb__alpha=1.0, score=0.4467496542185339, total=  35.3s
[CV] xgbc__subsample=0.5, xgbc__max_depth=6, xgbc__colsample_bytree=1, svm__estimator__kernel=linear, svm__estimator__gamma=0.001, svm__estimator__C=10, rf__n_estimators=100, rf__min_samples_leaf=4, rf__max_features=1, rf__max_depth=5, nn__solver=adam, nn__hidden_layer_sizes=50, nn__alpha=0.01, bnb__alpha=0.1 
[CV]  xgbc__subsample=0.5, xgbc__max_depth=6, xgbc__colsample_bytree=1, svm__estimator__kernel=linear, svm__estimator__gamma=0.001, svm__estimator__C=10, rf__n_estimators=100, rf__min_samples_leaf=4, rf__max_features=1, rf__max_depth=5, nn__solver=adam, nn__hidden_layer_sizes=50, nn__alpha=0.01, bnb__alpha=0.1, score=0.5068870523415978, total=15.5min
[CV] xgbc__subsample=0.5, xgbc__max_depth=6, xgbc__colsample_bytree=1, svm__estimator__kernel=linear, svm__estimator__gamma=0.001, svm__estimator__C=10, rf__n_estimators=100, rf__min_samples_leaf=4, rf__max_features=1, rf__max_depth=5, nn__solver=adam, nn__hidden_layer_sizes=50, nn__alpha=0.01, bnb__alpha=0.1 
[CV]  xgbc__subsample=0.5, xgbc__max_depth=6, xgbc__colsample_bytree=1, svm__estimator__kernel=linear, svm__estimator__gamma=0.001, svm__estimator__C=10, rf__n_estimators=100, rf__min_samples_leaf=4, rf__max_features=1, rf__max_depth=5, nn__solver=adam, nn__hidden_layer_sizes=50, nn__alpha=0.01, bnb__alpha=0.1, score=0.31724137931034485, total=18.6min
[CV] xgbc__subsample=0.5, xgbc__max_depth=6, xgbc__colsample_bytree=1, svm__estimator__kernel=linear, svm__estimator__gamma=0.001, svm__estimator__C=10, rf__n_estimators=100, rf__min_samples_leaf=4, rf__max_features=1, rf__max_depth=5, nn__solver=adam, nn__hidden_layer_sizes=50, nn__alpha=0.01, bnb__alpha=0.1 
[CV]  xgbc__subsample=0.5, xgbc__max_depth=6, xgbc__colsample_bytree=1, svm__estimator__kernel=linear, svm__estimator__gamma=0.001, svm__estimator__C=10, rf__n_estimators=100, rf__min_samples_leaf=4, rf__max_features=1, rf__max_depth=5, nn__solver=adam, nn__hidden_layer_sizes=50, nn__alpha=0.01, bnb__alpha=0.1, score=0.4413793103448276, total=11.8min
[CV] xgbc__subsample=0.5, xgbc__max_depth=6, xgbc__colsample_bytree=1, svm__estimator__kernel=linear, svm__estimator__gamma=0.001, svm__estimator__C=10, rf__n_estimators=100, rf__min_samples_leaf=4, rf__max_features=1, rf__max_depth=5, nn__solver=adam, nn__hidden_layer_sizes=50, nn__alpha=0.01, bnb__alpha=0.1 
[CV]  xgbc__subsample=0.5, xgbc__max_depth=6, xgbc__colsample_bytree=1, svm__estimator__kernel=linear, svm__estimator__gamma=0.001, svm__estimator__C=10, rf__n_estimators=100, rf__min_samples_leaf=4, rf__max_features=1, rf__max_depth=5, nn__solver=adam, nn__hidden_layer_sizes=50, nn__alpha=0.01, bnb__alpha=0.1, score=0.425414364640884, total=16.0min
[CV] xgbc__subsample=0.5, xgbc__max_depth=6, xgbc__colsample_bytree=1, svm__estimator__kernel=linear, svm__estimator__gamma=0.001, svm__estimator__C=10, rf__n_estimators=100, rf__min_samples_leaf=4, rf__max_features=1, rf__max_depth=5, nn__solver=adam, nn__hidden_layer_sizes=50, nn__alpha=0.01, bnb__alpha=0.1 
[CV]  xgbc__subsample=0.5, xgbc__max_depth=6, xgbc__colsample_bytree=1, svm__estimator__kernel=linear, svm__estimator__gamma=0.001, svm__estimator__C=10, rf__n_estimators=100, rf__min_samples_leaf=4, rf__max_features=1, rf__max_depth=5, nn__solver=adam, nn__hidden_layer_sizes=50, nn__alpha=0.01, bnb__alpha=0.1, score=0.4467496542185339, total=17.4min
[CV] xgbc__subsample=0.5, xgbc__max_depth=3, xgbc__colsample_bytree=0.5, svm__estimator__kernel=rbf, svm__estimator__gamma=0.001, svm__estimator__C=100, rf__n_estimators=100, rf__min_samples_leaf=4, rf__max_features=None, rf__max_depth=10, nn__solver=adam, nn__hidden_layer_sizes=50, nn__alpha=0.01, bnb__alpha=1.0 
[CV]  xgbc__subsample=0.5, xgbc__max_depth=3, xgbc__colsample_bytree=0.5, svm__estimator__kernel=rbf, svm__estimator__gamma=0.001, svm__estimator__C=100, rf__n_estimators=100, rf__min_samples_leaf=4, rf__max_features=None, rf__max_depth=10, nn__solver=adam, nn__hidden_layer_sizes=50, nn__alpha=0.01, bnb__alpha=1.0, score=0.512396694214876, total=  56.8s
[CV] xgbc__subsample=0.5, xgbc__max_depth=3, xgbc__colsample_bytree=0.5, svm__estimator__kernel=rbf, svm__estimator__gamma=0.001, svm__estimator__C=100, rf__n_estimators=100, rf__min_samples_leaf=4, rf__max_features=None, rf__max_depth=10, nn__solver=adam, nn__hidden_layer_sizes=50, nn__alpha=0.01, bnb__alpha=1.0 
[CV]  xgbc__subsample=0.5, xgbc__max_depth=3, xgbc__colsample_bytree=0.5, svm__estimator__kernel=rbf, svm__estimator__gamma=0.001, svm__estimator__C=100, rf__n_estimators=100, rf__min_samples_leaf=4, rf__max_features=None, rf__max_depth=10, nn__solver=adam, nn__hidden_layer_sizes=50, nn__alpha=0.01, bnb__alpha=1.0, score=0.3303448275862069, total=  59.9s