Processing:
metar_after.csv
Confusion matrix: 0102  metar_after.csv
[[  0   0   0   0   0   0   0   0]
 [  0   0   0   0   0   0   0   0]
 [  1   2   0   0   0   0   0   0]
 [  6   9   3   0   0   0   0   0]
 [ 18  41  44  11   0  18   0   0]
 [  8  31  50  49   0 130   0   0]
 [  0   0   2  12   0 109   0   0]
 [  1  15  38  24   0 694   0   0]]
Classification report: 0102  metar_after.csv
              precision    recall  f1-score   support

           1       0.00      0.00      0.00         0
           2       0.00      0.00      0.00         0
           3       0.00      0.00      0.00         3
           4       0.00      0.00      0.00        18
           5       0.00      0.00      0.00       132
           6       0.14      0.49      0.21       268
        9999       0.00      0.00      0.00       123
       99999       0.00      0.00      0.00       772

   micro avg       0.10      0.10      0.10      1316
   macro avg       0.02      0.06      0.03      1316
weighted avg       0.03      0.10      0.04      1316

Confusion matrix: 0304  metar_after.csv
[[  0   0   0   0   0   0   0   0]
 [ 12   7   1   0   0   0   0   0]
 [ 38  17   1   0   0   1   0   0]
 [ 15  26   5   1   0   0   0   0]
 [ 16  54  24   6   0  20   0   0]
 [ 27  82  64  36   0 146   0   0]
 [  2  10   7   8   0 137   0   0]
 [  9  11  23  24   0 554   0   0]]
Classification report: 0304  metar_after.csv
              precision    recall  f1-score   support

           1       0.00      0.00      0.00         0
           2       0.03      0.35      0.06        20
           3       0.01      0.02      0.01        57
           4       0.01      0.02      0.02        47
           5       0.00      0.00      0.00       120
           6       0.17      0.41      0.24       355
        9999       0.00      0.00      0.00       164
       99999       0.00      0.00      0.00       621

   micro avg       0.11      0.11      0.11      1384
   macro avg       0.03      0.10      0.04      1384
weighted avg       0.04      0.11      0.06      1384

Confusion matrix: 0506  metar_after.csv
[[  0   0   0   0   0   0   0   0]
 [ 34  11   1   0   0   3   0   0]
 [ 36  21   3   0   0   4   0   0]
 [ 31  27   2   3   0   1   0   0]
 [ 28  38  48   2   0   7   0   0]
 [ 33  48  60  11   0  70   0   0]
 [  8  22  31  11   0 248   0   0]
 [  6  16  31  11   0 498   0   0]]
Classification report: 0506  metar_after.csv
              precision    recall  f1-score   support

           1       0.00      0.00      0.00         0
           2       0.06      0.22      0.09        49
           3       0.02      0.05      0.02        64
           4       0.08      0.05      0.06        64
           5       0.00      0.00      0.00       123
           6       0.08      0.32      0.13       222
        9999       0.00      0.00      0.00       320
       99999       0.00      0.00      0.00       562

   micro avg       0.06      0.06      0.06      1404
   macro avg       0.03      0.08      0.04      1404
weighted avg       0.02      0.06      0.03      1404

Confusion matrix: 0708  metar_after.csv
[[  0   0   0   0   0   0   0   0]
 [  2   6   1   0   0   0   0   0]
 [  4  13   2   0   0   0   0   0]
 [ 33  31   9   0   0   5   0   0]
 [ 20 100  78  14   0  20   0   0]
 [ 28  64  56   9   0  61   0   0]
 [ 11  91 120  17   0 159   0   0]
 [ 17  57 117  22   0 262   0   0]]
Classification report: 0708  metar_after.csv
              precision    recall  f1-score   support

           1       0.00      0.00      0.00         0
           2       0.02      0.67      0.03         9
           3       0.01      0.11      0.01        19
           4       0.00      0.00      0.00        78
           5       0.00      0.00      0.00       232
           6       0.12      0.28      0.17       218
        9999       0.00      0.00      0.00       398
       99999       0.00      0.00      0.00       475

   micro avg       0.05      0.05      0.05      1429
   macro avg       0.02      0.13      0.03      1429
weighted avg       0.02      0.05      0.03      1429

Confusion matrix: 0910  metar_after.csv
[[  0   0   0   0   0   0   0   0]
 [  3   2   2   0   0   1   0   0]
 [  2   3   0   0   0   0   0   0]
 [ 13  23   9   0   0   3   0   0]
 [ 16  45  52  21   0  23   0   0]
 [ 17  98 153  50   0 159   0   0]
 [ 10  16  21  13   0 139   0   0]
 [  4   9  53  11   0 433   0   0]]
Classification report: 0910  metar_after.csv
              precision    recall  f1-score   support

           1       0.00      0.00      0.00         0
           2       0.01      0.25      0.02         8
           3       0.00      0.00      0.00         5
           4       0.00      0.00      0.00        48
           5       0.00      0.00      0.00       157
           6       0.21      0.33      0.26       477
        9999       0.00      0.00      0.00       199
       99999       0.00      0.00      0.00       510

   micro avg       0.11      0.11      0.11      1404
   macro avg       0.03      0.07      0.03      1404
weighted avg       0.07      0.11      0.09      1404

Confusion matrix: 1112  metar_after.csv
[[  0   0   0   0   0   0   0   0]
 [  3   0   1   0   0   2   0   0]
 [  5   4   2   0   0   1   0   0]
 [  0   2   5   0   0   0   0   0]
 [ 11  20  33   4   0  44   0   0]
 [ 14  43  77  35   0 192   0   0]
 [  0   2   5  12   0 127   0   0]
 [  1   5  47  27   0 657   0   0]]
Classification report: 1112  metar_after.csv
              precision    recall  f1-score   support

           1       0.00      0.00      0.00         0
           2       0.00      0.00      0.00         6
           3       0.01      0.17      0.02        12
           4       0.00      0.00      0.00         7
           5       0.00      0.00      0.00       112
           6       0.19      0.53      0.28       361
        9999       0.00      0.00      0.00       146
       99999       0.00      0.00      0.00       737

   micro avg       0.14      0.14      0.14      1381
   macro avg       0.02      0.09      0.04      1381
weighted avg       0.05      0.14      0.07      1381

Processing:
metar_after_v2.csv
Confusion matrix: 0102  metar_after_v2.csv
[[  0   0   0   0   0   0   0   0]
 [  0   0   0   0   0   0   0   0]
 [  1   2   0   0   0   0   0   0]
 [  6   9   3   0   0   0   0   0]
 [ 18  41  44  11   0   0   0  18]
 [  8  31  50  49   0   0   0 130]
 [  0   0   2  12   0   0   0 109]
 [  1  15  38  24   0   0   0 694]]
Classification report: 0102  metar_after_v2.csv
              precision    recall  f1-score   support

           1       0.00      0.00      0.00         0
           2       0.00      0.00      0.00         0
           3       0.00      0.00      0.00         3
           4       0.00      0.00      0.00        18
           5       0.00      0.00      0.00       132
           6       0.00      0.00      0.00       268
        9999       0.00      0.00      0.00       123
       99999       0.73      0.90      0.81       772

   micro avg       0.53      0.53      0.53      1316
   macro avg       0.09      0.11      0.10      1316
weighted avg       0.43      0.53      0.47      1316

Confusion matrix: 0304  metar_after_v2.csv
[[  0   0   0   0   0   0   0   0]
 [ 12   7   1   0   0   0   0   0]
 [ 38  17   1   0   0   0   0   1]
 [ 15  26   5   1   0   0   0   0]
 [ 16  54  24   6   0   0   0  20]
 [ 27  82  64  36   0   0   0 146]
 [  2  10   7   8   0   0   0 137]
 [  9  11  23  24   0   0   0 554]]
Classification report: 0304  metar_after_v2.csv
              precision    recall  f1-score   support

           1       0.00      0.00      0.00         0
           2       0.03      0.35      0.06        20
           3       0.01      0.02      0.01        57
           4       0.01      0.02      0.02        47
           5       0.00      0.00      0.00       120
           6       0.00      0.00      0.00       355
        9999       0.00      0.00      0.00       164
       99999       0.65      0.89      0.75       621

   micro avg       0.41      0.41      0.41      1384
   macro avg       0.09      0.16      0.10      1384
weighted avg       0.29      0.41      0.34      1384

Confusion matrix: 0506  metar_after_v2.csv
[[  0   0   0   0   0   0   0   0]
 [ 34  11   1   0   0   0   0   3]
 [ 36  21   3   0   0   0   0   4]
 [ 31  27   2   3   0   0   0   1]
 [ 28  38  48   2   0   0   0   7]
 [ 33  48  60  11   0   0   0  70]
 [  8  22  31  11   0   0   0 248]
 [  6  16  31  11   0   0   0 498]]
Classification report: 0506  metar_after_v2.csv
              precision    recall  f1-score   support

           1       0.00      0.00      0.00         0
           2       0.06      0.22      0.09        49
           3       0.02      0.05      0.02        64
           4       0.08      0.05      0.06        64
           5       0.00      0.00      0.00       123
           6       0.00      0.00      0.00       222
        9999       0.00      0.00      0.00       320
       99999       0.60      0.89      0.72       562

   micro avg       0.37      0.37      0.37      1404
   macro avg       0.09      0.15      0.11      1404
weighted avg       0.25      0.37      0.29      1404

Confusion matrix: 0708  metar_after_v2.csv
[[  0   0   0   0   0   0   0   0]
 [  2   6   1   0   0   0   0   0]
 [  4  13   2   0   0   0   0   0]
 [ 33  31   9   0   0   0   0   5]
 [ 20 100  78  14   0   0   0  20]
 [ 28  64  56   9   0   0   0  61]
 [ 11  91 120  17   0   0   0 159]
 [ 17  57 117  22   0   0   0 262]]
Classification report: 0708  metar_after_v2.csv
              precision    recall  f1-score   support

           1       0.00      0.00      0.00         0
           2       0.02      0.67      0.03         9
           3       0.01      0.11      0.01        19
           4       0.00      0.00      0.00        78
           5       0.00      0.00      0.00       232
           6       0.00      0.00      0.00       218
        9999       0.00      0.00      0.00       398
       99999       0.52      0.55      0.53       475

   micro avg       0.19      0.19      0.19      1429
   macro avg       0.07      0.17      0.07      1429
weighted avg       0.17      0.19      0.18      1429

Confusion matrix: 0910  metar_after_v2.csv
[[  0   0   0   0   0   0   0   0]
 [  3   2   2   0   0   0   0   1]
 [  2   3   0   0   0   0   0   0]
 [ 13  23   9   0   0   0   0   3]
 [ 16  45  52  21   0   0   0  23]
 [ 17  98 153  50   0   0   0 159]
 [ 10  16  21  13   0   0   0 139]
 [  4   9  53  11   0   0   0 433]]
Classification report: 0910  metar_after_v2.csv
              precision    recall  f1-score   support

           1       0.00      0.00      0.00         0
           2       0.01      0.25      0.02         8
           3       0.00      0.00      0.00         5
           4       0.00      0.00      0.00        48
           5       0.00      0.00      0.00       157
           6       0.00      0.00      0.00       477
        9999       0.00      0.00      0.00       199
       99999       0.57      0.85      0.68       510

   micro avg       0.31      0.31      0.31      1404
   macro avg       0.07      0.14      0.09      1404
weighted avg       0.21      0.31      0.25      1404

Confusion matrix: 1112  metar_after_v2.csv
[[  0   0   0   0   0   0   0   0]
 [  3   0   1   0   0   0   0   2]
 [  5   4   2   0   0   0   0   1]
 [  0   2   5   0   0   0   0   0]
 [ 11  20  33   4   0   0   0  44]
 [ 14  43  77  35   0   0   0 192]
 [  0   2   5  12   0   0   0 127]
 [  1   5  47  27   0   0   0 657]]
Classification report: 1112  metar_after_v2.csv
              precision    recall  f1-score   support

           1       0.00      0.00      0.00         0
           2       0.00      0.00      0.00         6
           3       0.01      0.17      0.02        12
           4       0.00      0.00      0.00         7
           5       0.00      0.00      0.00       112
           6       0.00      0.00      0.00       361
        9999       0.00      0.00      0.00       146
       99999       0.64      0.89      0.75       737

   micro avg       0.48      0.48      0.48      1381
   macro avg       0.08      0.13      0.10      1381
weighted avg       0.34      0.48      0.40      1381

Processing:
metar_before.csv
Confusion matrix: 0102  metar_before.csv
[[  0   0   0   0   0   0   0   0]
 [  0   0   0   0   0   0   0   0]
 [  2   0   0   0   0   0   0   0]
 [  6   8   3   0   0   0   0   0]
 [  8  15  58  13   0   6   0   0]
 [  2   4  43  65  16  65   0   0]
 [  0   1   4  11   3  65   0   0]
 [  0   2  18  17  10 484   0   0]]
Classification report: 0102  metar_before.csv
              precision    recall  f1-score   support

           1       0.00      0.00      0.00         0
           2       0.00      0.00      0.00         0
           3       0.00      0.00      0.00         2
           4       0.00      0.00      0.00        17
           5       0.00      0.00      0.00       100
           6       0.10      0.33      0.16       195
        9999       0.00      0.00      0.00        84
       99999       0.00      0.00      0.00       531

   micro avg       0.07      0.07      0.07       929
   macro avg       0.01      0.04      0.02       929
weighted avg       0.02      0.07      0.03       929

Confusion matrix: 0304  metar_before.csv
[[  0   0   0   0   0   0   0   0]
 [ 14   6   1   0   0   0   0   0]
 [ 28  14   3   0   0   2   0   0]
 [ 10  10  12   0   0   1   0   0]
 [  2  30  36   7   0   9   0   0]
 [  2  19  97  81  16  39   0   0]
 [  0   1  11  19   5  83   0   0]
 [  1   7  18  18   7 364   0   0]]
Classification report: 0304  metar_before.csv
              precision    recall  f1-score   support

           1       0.00      0.00      0.00         0
           2       0.07      0.29      0.11        21
           3       0.02      0.06      0.03        47
           4       0.00      0.00      0.00        33
           5       0.00      0.00      0.00        84
           6       0.08      0.15      0.10       254
        9999       0.00      0.00      0.00       119
       99999       0.00      0.00      0.00       415

   micro avg       0.05      0.05      0.05       973
   macro avg       0.02      0.06      0.03       973
weighted avg       0.02      0.05      0.03       973

Confusion matrix: 0506  metar_before.csv
[[  0   0   0   0   0   0   0   0]
 [ 21   4   1   3   0   2   0   0]
 [ 27  15   1   0   0   0   0   0]
 [ 21  22   2   1   0   0   0   0]
 [ 10  27  43   6   0   3   0   0]
 [  8  22  43  41  29  19   0   0]
 [  3  12  21  21   5 165   0   0]
 [  2  13  14  29   5 310   0   0]]
Classification report: 0506  metar_before.csv
              precision    recall  f1-score   support

           1       0.00      0.00      0.00         0
           2       0.03      0.13      0.05        31
           3       0.01      0.02      0.01        43
           4       0.01      0.02      0.01        46
           5       0.00      0.00      0.00        89
           6       0.04      0.12      0.06       162
        9999       0.00      0.00      0.00       227
       99999       0.00      0.00      0.00       373

   micro avg       0.03      0.03      0.03       971
   macro avg       0.01      0.04      0.02       971
weighted avg       0.01      0.03      0.01       971

Confusion matrix: 0708  metar_before.csv
[[  0   0   0   0   0   0   0   0]
 [  4   2   0   2   0   0   0   0]
 [  1  11   3   2   0   0   0   0]
 [ 16  34   5   3   0   5   0   0]
 [ 17  55  66  19   0   6   0   0]
 [ 17  31  48  22   7  10   0   0]
 [  9  33 106  37   3  79   0   0]
 [  8  23  81  48   4 170   0   0]]
Classification report: 0708  metar_before.csv
              precision    recall  f1-score   support

           1       0.00      0.00      0.00         0
           2       0.01      0.25      0.02         8
           3       0.01      0.18      0.02        17
           4       0.02      0.05      0.03        63
           5       0.00      0.00      0.00       163
           6       0.04      0.07      0.05       135
        9999       0.00      0.00      0.00       267
       99999       0.00      0.00      0.00       334

   micro avg       0.02      0.02      0.02       987
   macro avg       0.01      0.07      0.01       987
weighted avg       0.01      0.02      0.01       987

Confusion matrix: 0910  metar_before.csv
[[  0   0   0   0   0   0   0   0]
 [  2   0   1   1   0   1   0   0]
 [  1   2   0   0   0   0   0   0]
 [  5  18   9   0   3   3   0   0]
 [  6  25  55  13   5   8   0   0]
 [  1  10  73 118  77  46   0   0]
 [  3   0  31  32  11  67   0   0]
 [  0   5  33  34   3 268   0   0]]
Classification report: 0910  metar_before.csv
              precision    recall  f1-score   support

           1       0.00      0.00      0.00         0
           2       0.00      0.00      0.00         5
           3       0.00      0.00      0.00         3
           4       0.00      0.00      0.00        38
           5       0.05      0.04      0.05       112
           6       0.12      0.14      0.13       325
        9999       0.00      0.00      0.00       144
       99999       0.00      0.00      0.00       343

   micro avg       0.05      0.05      0.05       970
   macro avg       0.02      0.02      0.02       970
weighted avg       0.05      0.05      0.05       970

Confusion matrix: 1112  metar_before.csv
[[  0   0   0   0   0   0   0   0]
 [  0   1   0   0   2   0   0   0]
 [  1   5   0   2   0   0   0   0]
 [  0   3   2   0   0   0   0   0]
 [  3  13  43  13   0  16   0   0]
 [  2  17  64  54  31  96   0   0]
 [  0   0   9  13   1  75   0   0]
 [  0   3  22  34   0 446   0   0]]
Classification report: 1112  metar_before.csv
              precision    recall  f1-score   support

           1       0.00      0.00      0.00         0
           2       0.02      0.33      0.04         3
           3       0.00      0.00      0.00         8
           4       0.00      0.00      0.00         5
           5       0.00      0.00      0.00        88
           6       0.15      0.36      0.21       264
        9999       0.00      0.00      0.00        98
       99999       0.00      0.00      0.00       505

   micro avg       0.10      0.10      0.10       971
   macro avg       0.02      0.09      0.03       971
weighted avg       0.04      0.10      0.06       971

Processing:
metar_before_v2.csv
Confusion matrix: 0102  metar_before_v2.csv
[[  0   0   0   0   0   0   0   0]
 [  0   0   0   0   0   0   0   0]
 [  2   0   0   0   0   0   0   0]
 [  6   8   3   0   0   0   0   0]
 [  8  15  58  13   0   0   0   6]
 [  2   4  43  65  16  14   0  51]
 [  0   1   4  11   3   6   0  59]
 [  0   2  18  17  10  15   0 469]]
Classification report: 0102  metar_before_v2.csv
              precision    recall  f1-score   support

           1       0.00      0.00      0.00         0
           2       0.00      0.00      0.00         0
           3       0.00      0.00      0.00         2
           4       0.00      0.00      0.00        17
           5       0.00      0.00      0.00       100
           6       0.40      0.07      0.12       195
        9999       0.00      0.00      0.00        84
       99999       0.80      0.88      0.84       531

   micro avg       0.52      0.52      0.52       929
   macro avg       0.15      0.12      0.12       929
weighted avg       0.54      0.52      0.51       929

Confusion matrix: 0304  metar_before_v2.csv
[[  0   0   0   0   0   0   0   0]
 [ 14   6   1   0   0   0   0   0]
 [ 28  14   3   0   0   0   0   2]
 [ 10  10  12   0   0   0   0   1]
 [  2  30  36   7   0   0   0   9]
 [  2  19  97  81  16   7   0  32]
 [  0   1  11  19   5  10   0  73]
 [  1   7  18  18   7   3   0 361]]
Classification report: 0304  metar_before_v2.csv
              precision    recall  f1-score   support

           1       0.00      0.00      0.00         0
           2       0.07      0.29      0.11        21
           3       0.02      0.06      0.03        47
           4       0.00      0.00      0.00        33
           5       0.00      0.00      0.00        84
           6       0.35      0.03      0.05       254
        9999       0.00      0.00      0.00       119
       99999       0.76      0.87      0.81       415

   micro avg       0.39      0.39      0.39       973
   macro avg       0.15      0.16      0.12       973
weighted avg       0.42      0.39      0.36       973

Confusion matrix: 0506  metar_before_v2.csv
[[  0   0   0   0   0   0   0   0]
 [ 21   4   1   3   0   0   0   2]
 [ 27  15   1   0   0   0   0   0]
 [ 21  22   2   1   0   0   0   0]
 [ 10  27  43   6   0   0   0   3]
 [  8  22  43  41  29   8   0  11]
 [  3  12  21  21   5  13   0 152]
 [  2  13  14  29   5  19   0 291]]
Classification report: 0506  metar_before_v2.csv
              precision    recall  f1-score   support

           1       0.00      0.00      0.00         0
           2       0.03      0.13      0.05        31
           3       0.01      0.02      0.01        43
           4       0.01      0.02      0.01        46
           5       0.00      0.00      0.00        89
           6       0.20      0.05      0.08       162
        9999       0.00      0.00      0.00       227
       99999       0.63      0.78      0.70       373

   micro avg       0.31      0.31      0.31       971
   macro avg       0.11      0.13      0.11       971
weighted avg       0.28      0.31      0.28       971

Confusion matrix: 0708  metar_before_v2.csv
[[  0   0   0   0   0   0   0   0]
 [  4   2   0   2   0   0   0   0]
 [  1  11   3   2   0   0   0   0]
 [ 16  34   5   3   0   1   0   4]
 [ 17  55  66  19   0   0   0   6]
 [ 17  31  48  22   7   3   0   7]
 [  9  33 106  37   3   8   0  71]
 [  8  23  81  48   4   5   0 165]]
Classification report: 0708  metar_before_v2.csv
              precision    recall  f1-score   support

           1       0.00      0.00      0.00         0
           2       0.01      0.25      0.02         8
           3       0.01      0.18      0.02        17
           4       0.02      0.05      0.03        63
           5       0.00      0.00      0.00       163
           6       0.18      0.02      0.04       135
        9999       0.00      0.00      0.00       267
       99999       0.65      0.49      0.56       334

   micro avg       0.18      0.18      0.18       987
   macro avg       0.11      0.12      0.08       987
weighted avg       0.25      0.18      0.20       987

Confusion matrix: 0910  metar_before_v2.csv
[[  0   0   0   0   0   0   0   0]
 [  2   0   1   1   0   1   0   0]
 [  1   2   0   0   0   0   0   0]
 [  5  18   9   0   3   1   0   2]
 [  6  25  55  13   5   1   0   7]
 [  1  10  73 118  77  23   0  23]
 [  3   0  31  32  11  18   0  49]
 [  0   5  33  34   3   9   0 259]]
Classification report: 0910  metar_before_v2.csv
              precision    recall  f1-score   support

           1       0.00      0.00      0.00         0
           2       0.00      0.00      0.00         5
           3       0.00      0.00      0.00         3
           4       0.00      0.00      0.00        38
           5       0.05      0.04      0.05       112
           6       0.43      0.07      0.12       325
        9999       0.00      0.00      0.00       144
       99999       0.76      0.76      0.76       343

   micro avg       0.30      0.30      0.30       970
   macro avg       0.16      0.11      0.12       970
weighted avg       0.42      0.30      0.31       970

Confusion matrix: 1112  metar_before_v2.csv
[[  0   0   0   0   0   0   0   0]
 [  0   1   0   0   2   0   0   0]
 [  1   5   0   2   0   0   0   0]
 [  0   3   2   0   0   0   0   0]
 [  3  13  43  13   0   1   0  15]
 [  2  17  64  54  31  17   0  79]
 [  0   0   9  13   1   5   0  70]
 [  0   3  22  34   0   6   0 440]]
Classification report: 1112  metar_before_v2.csv
              precision    recall  f1-score   support

           1       0.00      0.00      0.00         0
           2       0.02      0.33      0.04         3
           3       0.00      0.00      0.00         8
           4       0.00      0.00      0.00         5
           5       0.00      0.00      0.00        88
           6       0.59      0.06      0.12       264
        9999       0.00      0.00      0.00        98
       99999       0.73      0.87      0.79       505

   micro avg       0.47      0.47      0.47       971
   macro avg       0.17      0.16      0.12       971
weighted avg       0.54      0.47      0.44       971

